{
  "stats": {
    "suites": 2,
    "tests": 2,
    "passes": 0,
    "pending": 0,
    "failures": 2,
    "start": "2024-02-13T13:24:39.904Z",
    "end": "2024-02-13T13:24:42.124Z",
    "duration": 2220,
    "testsRegistered": 52,
    "passPercent": 0,
    "pendingPercent": 0,
    "other": 0,
    "hasOther": false,
    "skipped": 50,
    "hasSkipped": true
  },
  "results": [
    {
      "uuid": "8cd5e6a1-df3a-4c84-8920-92a1cc210696",
      "title": "",
      "fullFile": "cypress\\e2e\\toolTests.js",
      "file": "cypress\\e2e\\toolTests.js",
      "beforeHooks": [],
      "afterHooks": [],
      "tests": [],
      "suites": [
        {
          "uuid": "cc7dfde3-739b-4184-bddc-5ef58339d727",
          "title": "toolTests live desktop",
          "fullFile": "",
          "file": "",
          "beforeHooks": [],
          "afterHooks": [],
          "tests": [
            {
              "title": "Synoptic run in hebrew mode",
              "fullTitle": "toolTests live desktop Synoptic run in hebrew mode",
              "timedOut": null,
              "duration": 1766,
              "state": "failed",
              "speed": null,
              "pass": false,
              "fail": true,
              "pending": false,
              "context": "\"videos/toolTests.js.mp4\"",
              "code": "cy.removeDownloadsFiles();\ncy.synopticRun({\n  language: 'Hebrew',\n  files: ['חוליןDaf2b_1.txt', 'חוליןDaf2b_2.txt']\n});\ncy.enterEmail();\ncy.synopticRun({\n  language: 'Hebrew',\n  files: ['חוליןDaf2b_1.txt', 'חוליןDaf2b_2.txt']\n});\ncy.enterEmail();\ncy.downloadEmailResultsFile({\n  vertical: 'var'\n}).then(filename => {\n  Cypress.env('var', filename);\n  cy.readExcelFile(filename).then(list => {\n    cy.wrap(list[0][0]).should('contain', 'חוליןDaf2b_1');\n    cy.wrap(list[0][1]).should('contain', 'חוליןDaf2b_2');\n  });\n});\ncy.downloadEmailResultsFile({\n  vertical: 'horiz'\n}).then(horizfile => {\n  Cypress.env('horiz', horizfile);\n});",
              "err": {
                "message": "CypressError: Action not permitted. Message: `Your current free account CreateInbox feature limit MONTHLY_COUNT has been exceeded. Upgrade your account to increase usage and abilities. Current value = >= 50. Plan limit = 50`. Please upgrade your account. View your account dashboard at https://app.mailslurp.com/login/. For more usage see pricing page . For more help contact support on contact@mailslurp.dev\n\nBecause this error occurred during a `before all` hook we are skipping the remaining tests in the current suite: `toolTests live desktop`",
                "estack": "[object Object]\nFrom Your Spec Code:\n    at ./cypress/e2e/toolTests.js/</</ (webpack:///./cypress/e2e/toolTests.js:32:19)\n    at ../driver/src/cypress/cy.ts/setRunnable/runnable.fn (https://synoptic-dev--condescending-darwin-5b410d.netlify.app/__cypress/runner/cypress_runner.js:161114:43)\n    at callFn (https://synoptic-dev--condescending-darwin-5b410d.netlify.app/__cypress/runner/cypress_runner.js:114440:21)\n    at ../driver/src/cypress/runner.ts/create/onRunnableRun (https://synoptic-dev--condescending-darwin-5b410d.netlify.app/__cypress/runner/cypress_runner.js:168103:30)\n    at finallyHandler (https://synoptic-dev--condescending-darwin-5b410d.netlify.app/__cypress/runner/cypress_runner.js:15298:23)\n    at tryCatcher (https://synoptic-dev--condescending-darwin-5b410d.netlify.app/__cypress/runner/cypress_runner.js:18744:23)\n    at ../../node_modules/bluebird/js/release/promise.js/</module.exports/Promise.prototype._settlePromiseFromHandler (https://synoptic-dev--condescending-darwin-5b410d.netlify.app/__cypress/runner/cypress_runner.js:16679:31)\n    at ../../node_modules/bluebird/js/release/promise.js/</module.exports/Promise.prototype._settlePromise (https://synoptic-dev--condescending-darwin-5b410d.netlify.app/__cypress/runner/cypress_runner.js:16736:18)\n    at ../../node_modules/bluebird/js/release/promise.js/</module.exports/Promise.prototype._settlePromise0 (https://synoptic-dev--condescending-darwin-5b410d.netlify.app/__cypress/runner/cypress_runner.js:16781:10)\n    at ../../node_modules/bluebird/js/release/promise.js/</module.exports/Promise.prototype._settlePromises (https://synoptic-dev--condescending-darwin-5b410d.netlify.app/__cypress/runner/cypress_runner.js:16861:18)\n    at ../../node_modules/bluebird/js/release/promise.js/</module.exports/Promise.prototype._fulfill (https://synoptic-dev--condescending-darwin-5b410d.netlify.app/__cypress/runner/cypress_runner.js:16805:18)\n    at ../../node_modules/bluebird/js/release/promise.js/</module.exports/Promise.prototype._settlePromise (https://synoptic-dev--condescending-darwin-5b410d.netlify.app/__cypress/runner/cypress_runner.js:16749:21)\n    at ../../node_modules/bluebird/js/release/promise.js/</module.exports/Promise.prototype._settlePromise0 (https://synoptic-dev--condescending-darwin-5b410d.netlify.app/__cypress/runner/cypress_runner.js:16781:10)\n    at ../../node_modules/bluebird/js/release/promise.js/</module.exports/Promise.prototype._settlePromises (https://synoptic-dev--condescending-darwin-5b410d.netlify.app/__cypress/runner/cypress_runner.js:16861:18)\n    at ../../node_modules/bluebird/js/release/promise.js/</module.exports/Promise.prototype._fulfill (https://synoptic-dev--condescending-darwin-5b410d.netlify.app/__cypress/runner/cypress_runner.js:16805:18)\n    at ../../node_modules/bluebird/js/release/promise.js/</module.exports/Promise.prototype._resolveCallback (https://synoptic-dev--condescending-darwin-5b410d.netlify.app/__cypress/runner/cypress_runner.js:16599:57)\n    at ../../node_modules/bluebird/js/release/promise.js/</module.exports/Promise.prototype._settlePromiseFromHandler (https://synoptic-dev--condescending-darwin-5b410d.netlify.app/__cypress/runner/cypress_runner.js:16691:17)\n    at ../../node_modules/bluebird/js/release/promise.js/</module.exports/Promise.prototype._settlePromise (https://synoptic-dev--condescending-darwin-5b410d.netlify.app/__cypress/runner/cypress_runner.js:16736:18)\n    at ../../node_modules/bluebird/js/release/promise.js/</module.exports/Promise.prototype._settlePromise0 (https://synoptic-dev--condescending-darwin-5b410d.netlify.app/__cypress/runner/cypress_runner.js:16781:10)\n    at ../../node_modules/bluebird/js/release/promise.js/</module.exports/Promise.prototype._settlePromises (https://synoptic-dev--condescending-darwin-5b410d.netlify.app/__cypress/runner/cypress_runner.js:16861:18)\n    at ../../node_modules/bluebird/js/release/promise.js/</module.exports/Promise.prototype._fulfill (https://synoptic-dev--condescending-darwin-5b410d.netlify.app/__cypress/runner/cypress_runner.js:16805:18)\n    at ../../node_modules/bluebird/js/release/promise_array.js/module.exports/PromiseArray.prototype._resolve (https://synoptic-dev--condescending-darwin-5b410d.netlify.app/__cypress/runner/cypress_runner.js:17078:19)\n    at ../../node_modules/bluebird/js/release/promise_array.js/module.exports/PromiseArray.prototype._promiseFulfilled (https://synoptic-dev--condescending-darwin-5b410d.netlify.app/__cypress/runner/cypress_runner.js:17096:14)\n    at ../../node_modules/bluebird/js/release/promise_array.js/module.exports/PromiseArray.prototype._iterate (https://synoptic-dev--condescending-darwin-5b410d.netlify.app/__cypress/runner/cypress_runner.js:17066:31)\n    at init (https://synoptic-dev--condescending-darwin-5b410d.netlify.app/__cypress/runner/cypress_runner.js:17030:10)\n    at ../../node_modules/bluebird/js/release/promise.js/</module.exports/Promise.prototype._settlePromise (https://synoptic-dev--condescending-darwin-5b410d.netlify.app/__cypress/runner/cypress_runner.js:16733:21)\n    at ../../node_modules/bluebird/js/release/promise.js/</module.exports/Promise.prototype._settlePromise0 (https://synoptic-dev--condescending-darwin-5b410d.netlify.app/__cypress/runner/cypress_runner.js:16781:10)\n    at ../../node_modules/bluebird/js/release/promise.js/</module.exports/Promise.prototype._settlePromises (https://synoptic-dev--condescending-darwin-5b410d.netlify.app/__cypress/runner/cypress_runner.js:16861:18)\n    at ../../node_modules/bluebird/js/release/promise.js/</module.exports/Promise.prototype._fulfill (https://synoptic-dev--condescending-darwin-5b410d.netlify.app/__cypress/runner/cypress_runner.js:16805:18)\n    at ../../node_modules/bluebird/js/release/promise_array.js/module.exports/PromiseArray.prototype._resolve (https://synoptic-dev--condescending-darwin-5b410d.netlify.app/__cypress/runner/cypress_runner.js:17078:19)\n    at ../../node_modules/bluebird/js/release/promise_array.js/module.exports/PromiseArray.prototype._promiseFulfilled (https://synoptic-dev--condescending-darwin-5b410d.netlify.app/__cypress/runner/cypress_runner.js:17096:14)\n    at ../../node_modules/bluebird/js/release/promise.js/</module.exports/Promise.prototype._settlePromise (https://synoptic-dev--condescending-darwin-5b410d.netlify.app/__cypress/runner/cypress_runner.js:16741:26)\n    at ../../node_modules/bluebird/js/release/promise.js/</module.exports/Promise.prototype._settlePromise0 (https://synoptic-dev--condescending-darwin-5b410d.netlify.app/__cypress/runner/cypress_runner.js:16781:10)\n    at ../../node_modules/bluebird/js/release/promise.js/</module.exports/Promise.prototype._settlePromises (https://synoptic-dev--condescending-darwin-5b410d.netlify.app/__cypress/runner/cypress_runner.js:16861:18)\n    at ../../node_modules/bluebird/js/release/promise.js/</module.exports/Promise.prototype._fulfill (https://synoptic-dev--condescending-darwin-5b410d.netlify.app/__cypress/runner/cypress_runner.js:16805:18)\n    at ../../node_modules/bluebird/js/release/promise_array.js/module.exports/PromiseArray.prototype._resolve (https://synoptic-dev--condescending-darwin-5b410d.netlify.app/__cypress/runner/cypress_runner.js:17078:19)\n    at ../../node_modules/bluebird/js/release/map.js/module.exports/MappingPromiseArray.prototype._promiseFulfilled (https://synoptic-dev--condescending-darwin-5b410d.netlify.app/__cypress/runner/cypress_runner.js:15904:18)\n    at ../../node_modules/bluebird/js/release/promise.js/</module.exports/Promise.prototype._settlePromise (https://synoptic-dev--condescending-darwin-5b410d.netlify.app/__cypress/runner/cypress_runner.js:16741:26)\n    at ../../node_modules/bluebird/js/release/promise.js/</module.exports/Promise.prototype._settlePromise0 (https://synoptic-dev--condescending-darwin-5b410d.netlify.app/__cypress/runner/cypress_runner.js:16781:10)\n    at ../../node_modules/bluebird/js/release/promise.js/</module.exports/Promise.prototype._settlePromises (https://synoptic-dev--condescending-darwin-5b410d.netlify.app/__cypress/runner/cypress_runner.js:16861:18)\n    at _drainQueueStep (https://synoptic-dev--condescending-darwin-5b410d.netlify.app/__cypress/runner/cypress_runner.js:13451:12)\n    at _drainQueue (https://synoptic-dev--condescending-darwin-5b410d.netlify.app/__cypress/runner/cypress_runner.js:13444:24)\n    at ../../node_modules/bluebird/js/release/async.js/</Async.prototype._drainQueues (https://synoptic-dev--condescending-darwin-5b410d.netlify.app/__cypress/runner/cypress_runner.js:13460:16)\n    at ../../node_modules/bluebird/js/release/async.js/</Async/this.drainQueues (https://synoptic-dev--condescending-darwin-5b410d.netlify.app/__cypress/runner/cypress_runner.js:13330:14)",
                "diff": null
              },
              "uuid": "f2853540-4a52-4d67-8c5d-08ef9379a233",
              "parentUUID": "cc7dfde3-739b-4184-bddc-5ef58339d727",
              "isHook": false,
              "skipped": false
            },
            {
              "title": "Synoptic run in english mode",
              "fullTitle": "toolTests live desktop Synoptic run in english mode",
              "timedOut": null,
              "duration": 0,
              "state": "skipped",
              "speed": null,
              "pass": false,
              "fail": false,
              "pending": false,
              "context": null,
              "code": "cy.synopticRun({\n  language: 'English',\n  files: ['חוליןDaf2b_2.docx', 'חוליןDaf2b_3.docx']\n});\ncy.enterEmail();\ncy.downloadEmailResultsFile({\n  vertical: 'var'\n}).then(filename => {\n  cy.readExcelFile(filename).then(list => {\n    cy.wrap(list[0][0]).should('contain', 'חוליןDaf2b_2');\n    cy.wrap(list[0][1]).should('contain', 'חוליןDaf2b_3');\n  });\n});",
              "err": {},
              "uuid": "04bc0232-9aeb-4c02-b015-f218652d2a74",
              "parentUUID": "cc7dfde3-739b-4184-bddc-5ef58339d727",
              "isHook": false,
              "skipped": true
            },
            {
              "title": "Synoptic run of word file and txt file",
              "fullTitle": "toolTests live desktop Synoptic run of word file and txt file",
              "timedOut": null,
              "duration": 0,
              "state": "skipped",
              "speed": null,
              "pass": false,
              "fail": false,
              "pending": false,
              "context": null,
              "code": "cy.synopticRun({\n  language: 'English',\n  files: ['חוליןDaf2b_1.docx', 'חוליןDaf2b_3.txt']\n});\ncy.enterEmail();\ncy.downloadEmailResultsFile({\n  vertical: 'var'\n}).then(filename => {\n  cy.readExcelFile(filename).then(list => {\n    cy.wrap(list[0][0]).should('contain', 'חוליןDaf2b_');\n    cy.wrap(list[0][1]).should('contain', 'חוליןDaf2b_3');\n  });\n});",
              "err": {},
              "uuid": "66ade017-d0be-4831-b5a6-6e14537bd173",
              "parentUUID": "cc7dfde3-739b-4184-bddc-5ef58339d727",
              "isHook": false,
              "skipped": true
            },
            {
              "title": "Not sufficiently similar message in english",
              "fullTitle": "toolTests live desktop Not sufficiently similar message in english",
              "timedOut": null,
              "duration": 0,
              "state": "skipped",
              "speed": null,
              "pass": false,
              "fail": false,
              "pending": false,
              "context": null,
              "code": "cy.synopticRun({\n  language: 'English',\n  files: ['כתובות.txt', 'חולין.txt']\n});\ncy.enterEmail();\ncy.get('.error-message').invoke('text').then(text => {\n  cy.wrap(text).should('contain', 'Error received');\n  cy.wrap(text).should('contain', 'כתובות.txt');\n  cy.wrap(text).should('contain', '[This means the data in the version');\n  cy.wrap(text).should('contain', 'listed above is not sufficiently similar to the other');\n  cy.wrap(text).should('contain', 'to perform a synopsis.]');\n});",
              "err": {},
              "uuid": "46af3c95-e2ad-489c-8204-08fbb58fe27f",
              "parentUUID": "cc7dfde3-739b-4184-bddc-5ef58339d727",
              "isHook": false,
              "skipped": true
            },
            {
              "title": "Not sufficiently similar message in hebrew",
              "fullTitle": "toolTests live desktop Not sufficiently similar message in hebrew",
              "timedOut": null,
              "duration": 0,
              "state": "skipped",
              "speed": null,
              "pass": false,
              "fail": false,
              "pending": false,
              "context": null,
              "code": "cy.synopticRun({\n  language: 'Hebrew',\n  files: ['כתובות.txt', 'חולין.txt']\n});\ncy.enterEmail();\ncy.get('.error-message').invoke('text').then(text => {\n  cy.wrap(text).should('contain', 'התקבלה הודעת שגיאה');\n  cy.wrap(text).should('contain', 'כתובות.txt');\n  cy.wrap(text).should('contain', '[הקבצים ברשימה הנזכרת אינם דומים מספיק לקבצים האחרים');\n  cy.wrap(text).should('contain', 'שנכללים בהשוואת הגרסאות.]');\n  cy.wrap(text).should('contain', 'אפשר למחוק את הקבצים החריגים או לאפשר להם להיכלל');\n  cy.wrap(text).should('contain', 'בהשוואת הגרסאות.');\n});",
              "err": {},
              "uuid": "5935e711-4a88-4157-b5d9-48e72de2d429",
              "parentUUID": "cc7dfde3-739b-4184-bddc-5ef58339d727",
              "isHook": false,
              "skipped": true
            },
            {
              "title": "Synoptic run with large file in english mode",
              "fullTitle": "toolTests live desktop Synoptic run with large file in english mode",
              "timedOut": null,
              "duration": 0,
              "state": "skipped",
              "speed": null,
              "pass": false,
              "fail": false,
              "pending": false,
              "context": null,
              "code": "cy.synopticRun({\n  language: 'English',\n  files: ['כתובות.txt', 'כתובות1.txt']\n});\ncy.enterEmail();\ncy.get('.px-5').should('contain', 'The synopsis results will be sent via email');",
              "err": {},
              "uuid": "69260401-0cf4-495e-9da6-78a4ffad7621",
              "parentUUID": "cc7dfde3-739b-4184-bddc-5ef58339d727",
              "isHook": false,
              "skipped": true
            },
            {
              "title": "Synoptic run with large file in english mode",
              "fullTitle": "toolTests live desktop Synoptic run with large file in english mode",
              "timedOut": null,
              "duration": 0,
              "state": "skipped",
              "speed": null,
              "pass": false,
              "fail": false,
              "pending": false,
              "context": null,
              "code": "cy.synopticRun({\n  language: 'Hebrew',\n  files: ['כתובות.txt', 'כתובות1.txt']\n});\ncy.enterEmail();\ncy.get('.px-5').should('contain', 'קובץ התוצאות של השוואת הגרסאות ישלח לדוא״ל');",
              "err": {},
              "uuid": "f2a1be9e-5264-4377-b737-8cda3bd7dd4f",
              "parentUUID": "cc7dfde3-739b-4184-bddc-5ef58339d727",
              "isHook": false,
              "skipped": true
            },
            {
              "title": "Go Back button befor results page",
              "fullTitle": "toolTests live desktop Go Back button befor results page",
              "timedOut": null,
              "duration": 0,
              "state": "skipped",
              "speed": null,
              "pass": false,
              "fail": false,
              "pending": false,
              "context": null,
              "code": "cy.synopticRun({\n  language: 'English',\n  files: ['חולין.txt', 'כתובות.txt']\n});\ncy.enterEmail();\ncy.get('button').contains('Upload new files').click({\n  force: true\n});\ncy.get('.file-upload > .col-sm-9').should('be.visible');",
              "err": {},
              "uuid": "389c1709-14bf-4d93-9606-e1d276223d11",
              "parentUUID": "cc7dfde3-739b-4184-bddc-5ef58339d727",
              "isHook": false,
              "skipped": true
            },
            {
              "title": "Go Back button befor results page",
              "fullTitle": "toolTests live desktop Go Back button befor results page",
              "timedOut": null,
              "duration": 0,
              "state": "skipped",
              "speed": null,
              "pass": false,
              "fail": false,
              "pending": false,
              "context": null,
              "code": "cy.synopticRun({\n  language: 'Hebrew',\n  files: ['חולין.txt', 'כתובות.txt']\n});\ncy.enterEmail();\ncy.get('button').contains('חזרה למסך הראשי').click({\n  force: true\n});\ncy.get('.file-upload > .col-sm-9').should('be.visible');",
              "err": {},
              "uuid": "7562e9da-473f-4bfa-a45c-e2db5b13a8d4",
              "parentUUID": "cc7dfde3-739b-4184-bddc-5ef58339d727",
              "isHook": false,
              "skipped": true
            },
            {
              "title": "All rows in table are correct(2 txt files)",
              "fullTitle": "toolTests live desktop All rows in table are correct(2 txt files)",
              "timedOut": null,
              "duration": 0,
              "state": "skipped",
              "speed": null,
              "pass": false,
              "fail": false,
              "pending": false,
              "context": null,
              "code": "cy.readExcelFile(Cypress.env('var')).then(list => {\n  cy.wrap(list[0][0]).should('contain', 'חוליןDaf2b_1');\n  cy.wrap(list[0][1]).should('contain', 'חוליןDaf2b_2');\n  cy.testAllRows(list.slice(1));\n});",
              "err": {},
              "uuid": "e665a0f6-ed54-48ca-b2e0-b2577ac9d471",
              "parentUUID": "cc7dfde3-739b-4184-bddc-5ef58339d727",
              "isHook": false,
              "skipped": true
            },
            {
              "title": "All rows in table are correct(3 txt files)",
              "fullTitle": "toolTests live desktop All rows in table are correct(3 txt files)",
              "timedOut": null,
              "duration": 0,
              "state": "skipped",
              "speed": null,
              "pass": false,
              "fail": false,
              "pending": false,
              "context": null,
              "code": "cy.synopticRun({\n  language: 'Hebrew',\n  files: ['חוליןDaf2b_1.txt', 'חוליןDaf2b_2.txt', 'חוליןDaf2b_3.txt']\n});\ncy.enterEmail();\ncy.downloadEmailResultsFile({\n  vertical: 'var'\n}).then(filename => {\n  cy.readExcelFile(filename).then(list => {\n    cy.wrap(list[0][0]).should('contain', 'חוליןDaf2b_1');\n    cy.wrap(list[0][1]).should('contain', 'חוליןDaf2b_2');\n    cy.wrap(list[0][2]).should('contain', 'חוליןDaf2b_3');\n    cy.testAllRows(list.slice(1));\n  });\n});",
              "err": {},
              "uuid": "3e4b8159-065a-4643-8dac-7cfdae14ae1f",
              "parentUUID": "cc7dfde3-739b-4184-bddc-5ef58339d727",
              "isHook": false,
              "skipped": true
            },
            {
              "title": "Errer message in hebrew for file with only english text",
              "fullTitle": "toolTests live desktop Errer message in hebrew for file with only english text",
              "timedOut": null,
              "duration": 0,
              "state": "skipped",
              "speed": null,
              "pass": false,
              "fail": false,
              "pending": false,
              "context": null,
              "code": "cy.synopticRun({\n  language: 'Hebrew',\n  files: ['חוליןDaf2b_1.txt', 'חוליןDaf2b_2.txt', 'englishText.txt']\n});\ncy.enterEmail();\ncy.get('.pt-4').should('contain', 'התקבלה הודעת שגיאה');\ncy.get('.px-5').should('contain', '\"englishText.txt\"');",
              "err": {},
              "uuid": "fb54a805-23f2-49e0-8d31-ce35601fdd1d",
              "parentUUID": "cc7dfde3-739b-4184-bddc-5ef58339d727",
              "isHook": false,
              "skipped": true
            },
            {
              "title": "Errer message in english for file with only english text",
              "fullTitle": "toolTests live desktop Errer message in english for file with only english text",
              "timedOut": null,
              "duration": 0,
              "state": "skipped",
              "speed": null,
              "pass": false,
              "fail": false,
              "pending": false,
              "context": null,
              "code": "cy.synopticRun({\n  language: 'English',\n  files: ['חוליןDaf2b_1.txt', 'חוליןDaf2b_2.txt', 'englishText.txt']\n});\ncy.enterEmail();\ncy.get('.pt-4').should('contain', 'Error receive');\ncy.get('.px-5').should('contain', '\"englishText.txt\"');",
              "err": {},
              "uuid": "350bd1d5-c625-4c94-bdba-0f67a549cdf1",
              "parentUUID": "cc7dfde3-739b-4184-bddc-5ef58339d727",
              "isHook": false,
              "skipped": true
            },
            {
              "title": "File with only english text was deleted from list of uploads",
              "fullTitle": "toolTests live desktop File with only english text was deleted from list of uploads",
              "timedOut": null,
              "duration": 0,
              "state": "skipped",
              "speed": null,
              "pass": false,
              "fail": false,
              "pending": false,
              "context": null,
              "code": "cy.synopticRun({\n  language: 'Hebrew',\n  files: ['חוליןDaf2b_1.txt', 'חוליןDaf2b_2.txt', 'englishText.txt']\n});\ncy.enterEmail();\ncy.get('button').contains('חזרה למסך הראשי').click({\n  force: true\n});\ncy.get('.uppy-Dashboard-Item-actionWrapper').children().next().eq(2).click({\n  force: true\n});\ncy.get('.file-upload > .col-sm-3 > .settings > #apply-synopsis').click({\n  force: true\n});\nconst success_message = ['The files were successfully uploaded', 'הקבצים הועלו בהצלחה'];\nconst regex = new RegExp(`${success_message.join('|')}`, 'g');\ncy.get('.env-wrapper > .mt-1', {\n  timeout: 60000\n}).contains(regex, {\n  timeout: 60000\n}).should('exist');\ncy.get('#input-email-upload').type('lomibluth@gmail.com');\ncy.get('#email-form > .btn').click({\n  force: true\n});\ncy.get('.px-5').should('contain', 'קובץ התוצאות של השוואת הגרסאות ישלח לדוא״ל');",
              "err": {},
              "uuid": "154176bf-d962-406b-b873-ab588e3c5415",
              "parentUUID": "cc7dfde3-739b-4184-bddc-5ef58339d727",
              "isHook": false,
              "skipped": true
            },
            {
              "title": "Remove file with test different text and retry",
              "fullTitle": "toolTests live desktop Remove file with test different text and retry",
              "timedOut": null,
              "duration": 0,
              "state": "skipped",
              "speed": null,
              "pass": false,
              "fail": false,
              "pending": false,
              "context": null,
              "code": "cy.synopticRun({\n  language: 'Hebrew',\n  files: ['חוליןDaf2b_1.txt', 'חוליןDaf2b_2.txt', 'חוליןDaf3b_1.txt']\n});\ncy.enterEmail();\ncy.get('.outlier-btns > .mx-2').click({\n  force: true\n});\ncy.get('.px-5').should('contain', 'קובץ התוצאות של השוואת הגרסאות ישלח לדוא״ל');",
              "err": {},
              "uuid": "717a4b79-fbb8-4266-a2ee-89c73660d9e4",
              "parentUUID": "cc7dfde3-739b-4184-bddc-5ef58339d727",
              "isHook": false,
              "skipped": true
            },
            {
              "title": "Allow outliers",
              "fullTitle": "toolTests live desktop Allow outliers",
              "timedOut": null,
              "duration": 0,
              "state": "skipped",
              "speed": null,
              "pass": false,
              "fail": false,
              "pending": false,
              "context": null,
              "code": "cy.synopticRun({\n  language: 'Hebrew',\n  files: ['חוליןDaf2b_1.txt', 'חוליןDaf2b_2.txt', 'חוליןDaf3b_1.txt']\n});\ncy.enterEmail();\ncy.get('.outlier-btns > .btn-primary').click({\n  force: true\n});\ncy.get('.px-5').should('contain', 'קובץ התוצאות של השוואת הגרסאות ישלח לדוא״ל');",
              "err": {},
              "uuid": "1712ba05-8ac9-4764-a457-2d45316c07c3",
              "parentUUID": "cc7dfde3-739b-4184-bddc-5ef58339d727",
              "isHook": false,
              "skipped": true
            },
            {
              "title": "All Column in horizontal txt file are correct",
              "fullTitle": "toolTests live desktop All Column in horizontal txt file are correct",
              "timedOut": null,
              "duration": 0,
              "state": "skipped",
              "speed": null,
              "pass": false,
              "fail": false,
              "pending": false,
              "context": null,
              "code": "cy.readExcelFile(Cypress.env('horiz'))\n// returns an array of lines read from Excel file\n.then(list => {\n  if (urlKey == 'dev') {\n    cy.wrap(list[1].length).should('eq', 239);\n  } else if (urlKey == 'live') {\n    cy.wrap(list[1].length).should('eq', 239);\n  }\n  cy.testHorizontalMatrix(list);\n});",
              "err": {},
              "uuid": "f9d81bf5-7fad-48f0-a255-63862858926f",
              "parentUUID": "cc7dfde3-739b-4184-bddc-5ef58339d727",
              "isHook": false,
              "skipped": true
            },
            {
              "title": "All rows in vertical word file are correct",
              "fullTitle": "toolTests live desktop All rows in vertical word file are correct",
              "timedOut": null,
              "duration": 0,
              "state": "skipped",
              "speed": null,
              "pass": false,
              "fail": false,
              "pending": false,
              "context": null,
              "code": "cy.readExcelFile(Cypress.env('var'))\n// returns an array of lines read from Excel file\n.then(list => {\n  if (urlKey == 'dev') {\n    cy.wrap(list.length).should('eq', 239);\n  } else if (urlKey == 'live') {\n    cy.wrap(list.length).should('eq', 239);\n  }\n  cy.testVerticalMatrix(list);\n});",
              "err": {},
              "uuid": "2d565385-658c-4439-9d0a-09445c2afc4e",
              "parentUUID": "cc7dfde3-739b-4184-bddc-5ef58339d727",
              "isHook": false,
              "skipped": true
            },
            {
              "title": "run snake",
              "fullTitle": "toolTests live desktop run snake",
              "timedOut": null,
              "duration": 0,
              "state": "skipped",
              "speed": null,
              "pass": false,
              "fail": false,
              "pending": false,
              "context": null,
              "code": "cy.runSnake({\n  file: '64c7cb70-7ec9-4ac9-ba3a-d784e92db10b-horiz.xlsx',\n  numColumnsPerRow: undefined,\n  blankRows: undefined,\n  includeSynopsisSnakeFile: true,\n  Language: 'Hebrew'\n}).then(() => {\n  cy.getSnakeMatrix().then(matrix => {\n    cy.wrap(matrix).should('not.be.null');\n  });\n});",
              "err": {},
              "uuid": "49d398ec-8424-4a79-96d8-08372cda8ee3",
              "parentUUID": "cc7dfde3-739b-4184-bddc-5ef58339d727",
              "isHook": false,
              "skipped": true
            },
            {
              "title": "1 columns per row test",
              "fullTitle": "toolTests live desktop 1 columns per row test",
              "timedOut": null,
              "duration": 0,
              "state": "skipped",
              "speed": null,
              "pass": false,
              "fail": false,
              "pending": false,
              "context": null,
              "code": "cy.removeDownloadsFiles();\nlet columnsPerRow = 1;\ncy.runSnake({\n  file: '64c7cb70-7ec9-4ac9-ba3a-d784e92db10b-horiz.xlsx',\n  numColumnsPerRow: undefined,\n  blankRows: undefined,\n  numColumnsPerRow: columnsPerRow,\n  Language: 'Hebrew'\n}).then(() => {\n  cy.getSnakeMatrix().then(matrix => {\n    cy.testNumColumnsPerRow(matrix, columnsPerRow);\n  });\n});",
              "err": {},
              "uuid": "6bd8e5d1-c2a1-4ad9-80ca-bdb718a23e30",
              "parentUUID": "cc7dfde3-739b-4184-bddc-5ef58339d727",
              "isHook": false,
              "skipped": true
            },
            {
              "title": "20 columns per row test",
              "fullTitle": "toolTests live desktop 20 columns per row test",
              "timedOut": null,
              "duration": 0,
              "state": "skipped",
              "speed": null,
              "pass": false,
              "fail": false,
              "pending": false,
              "context": null,
              "code": "let columnsPerRow = 20;\ncy.removeDownloadsFiles();\ncy.runSnake({\n  file: '64c7cb70-7ec9-4ac9-ba3a-d784e92db10b-horiz.xlsx',\n  numColumnsPerRow: undefined,\n  blankRows: undefined,\n  numColumnsPerRow: columnsPerRow,\n  Language: 'Hebrew'\n}).then(() => {\n  cy.getSnakeMatrix().then(matrix => {\n    cy.testNumColumnsPerRow(matrix, columnsPerRow);\n  });\n});",
              "err": {},
              "uuid": "f6aa2938-6747-4f67-8cb8-31c5eb0fc903",
              "parentUUID": "cc7dfde3-739b-4184-bddc-5ef58339d727",
              "isHook": false,
              "skipped": true
            },
            {
              "title": "1 blank rows with Synopsis",
              "fullTitle": "toolTests live desktop 1 blank rows with Synopsis",
              "timedOut": null,
              "duration": 0,
              "state": "skipped",
              "speed": null,
              "pass": false,
              "fail": false,
              "pending": false,
              "context": null,
              "code": "let blankRows = 1,\n  numOfFiles = 2;\nlet includeSynopsisSnakeFile = true;\ncy.removeDownloadsFiles();\n// cy.removeFixturesXLSXFiles()\ncy.runSnake({\n  file: '64c7cb70-7ec9-4ac9-ba3a-d784e92db10b-horiz.xlsx',\n  numColumnsPerRow: undefined,\n  blankRows: blankRows,\n  includeSynopsisSnakeFile: undefined,\n  Language: 'Hebrew'\n}).then(() => {\n  cy.getSnakeMatrix().then(matrix => {\n    if (urlKey == 'dev') {\n      cy.wrap(matrix.length).should('eq', 95);\n    } else if (urlKey == 'live') {\n      cy.wrap(matrix.length).should('eq', 95);\n    }\n    cy.testBlankRows({\n      matrix: matrix,\n      blankRows: blankRows,\n      numOfFiles: numOfFiles,\n      includeSynopsis: includeSynopsisSnakeFile\n    });\n  });\n});",
              "err": {},
              "uuid": "a87de4c0-59ca-4114-b27a-7bfce264682a",
              "parentUUID": "cc7dfde3-739b-4184-bddc-5ef58339d727",
              "isHook": false,
              "skipped": true
            },
            {
              "title": "5 blank rows with Synopsis",
              "fullTitle": "toolTests live desktop 5 blank rows with Synopsis",
              "timedOut": null,
              "duration": 0,
              "state": "skipped",
              "speed": null,
              "pass": false,
              "fail": false,
              "pending": false,
              "context": null,
              "code": "let blankRows = 5,\n  numOfFiles = 2;\nlet includeSynopsisSnakeFile = true;\ncy.removeDownloadsFiles();\ncy.runSnake({\n  file: '64c7cb70-7ec9-4ac9-ba3a-d784e92db10b-horiz.xlsx',\n  numColumnsPerRow: undefined,\n  blankRows: blankRows,\n  includeSynopsisSnakeFile: undefined,\n  Language: 'Hebrew'\n}).then(() => {\n  cy.getSnakeMatrix().then(matrix => {\n    if (urlKey == 'dev') {\n      cy.wrap(matrix.length).should('eq', 187);\n    } else if (urlKey == 'live') {\n      cy.wrap(matrix.length).should('eq', 187);\n    }\n    cy.testBlankRows({\n      matrix: matrix,\n      blankRows: blankRows,\n      numOfFiles: numOfFiles,\n      includeSynopsis: includeSynopsisSnakeFile\n    });\n  });\n});",
              "err": {},
              "uuid": "2d050514-c76f-40f5-b283-b52989f18a5e",
              "parentUUID": "cc7dfde3-739b-4184-bddc-5ef58339d727",
              "isHook": false,
              "skipped": true
            },
            {
              "title": "1 blank rows without Synopsis",
              "fullTitle": "toolTests live desktop 1 blank rows without Synopsis",
              "timedOut": null,
              "duration": 0,
              "state": "skipped",
              "speed": null,
              "pass": false,
              "fail": false,
              "pending": false,
              "context": null,
              "code": "let blankRows = 1,\n  numOfFiles = 2;\nlet includeSynopsisSnakeFile = false;\ncy.removeDownloadsFiles();\ncy.runSnake({\n  file: '64c7cb70-7ec9-4ac9-ba3a-d784e92db10b-horiz.xlsx',\n  numColumnsPerRow: undefined,\n  blankRows: blankRows,\n  includeSynopsisSnakeFile: includeSynopsisSnakeFile,\n  Language: 'Hebrew'\n}).then(() => {\n  cy.getSnakeMatrix().then(matrix => {\n    if (urlKey == 'dev') {\n      cy.wrap(matrix.length).should('eq', 71);\n    } else if (urlKey == 'live') {\n      cy.wrap(matrix.length).should('eq', 71);\n    }\n    cy.testBlankRows({\n      matrix: matrix,\n      blankRows: blankRows,\n      numOfFiles: numOfFiles,\n      includeSynopsis: includeSynopsisSnakeFile\n    });\n  });\n});",
              "err": {},
              "uuid": "9702b14f-8834-4401-acee-e3c3db73a323",
              "parentUUID": "cc7dfde3-739b-4184-bddc-5ef58339d727",
              "isHook": false,
              "skipped": true
            },
            {
              "title": "5 blank rows without Synopsis",
              "fullTitle": "toolTests live desktop 5 blank rows without Synopsis",
              "timedOut": null,
              "duration": 0,
              "state": "skipped",
              "speed": null,
              "pass": false,
              "fail": false,
              "pending": false,
              "context": null,
              "code": "let blankRows = 5,\n  numOfFiles = 2;\nlet includeSynopsisSnakeFile = false;\ncy.removeDownloadsFiles();\ncy.runSnake({\n  file: '64c7cb70-7ec9-4ac9-ba3a-d784e92db10b-horiz.xlsx',\n  numColumnsPerRow: undefined,\n  blankRows: blankRows,\n  includeSynopsisSnakeFile: includeSynopsisSnakeFile,\n  Language: 'Hebrew'\n}).then(() => {\n  cy.getSnakeMatrix().then(matrix => {\n    if (urlKey == 'dev') {\n      cy.wrap(matrix.length).should('eq', 163);\n    } else if (urlKey == 'live') {\n      cy.wrap(matrix.length).should('eq', 163);\n    }\n    cy.testBlankRows({\n      matrix: matrix,\n      blankRows: blankRows,\n      numOfFiles: numOfFiles,\n      includeSynopsis: includeSynopsisSnakeFile\n    });\n  });\n});",
              "err": {},
              "uuid": "0619fd51-36fc-45fe-bd2d-a5c8f36be306",
              "parentUUID": "cc7dfde3-739b-4184-bddc-5ef58339d727",
              "isHook": false,
              "skipped": true
            },
            {
              "title": "Snake has the same data as synoptic",
              "fullTitle": "toolTests live desktop Snake has the same data as synoptic",
              "timedOut": null,
              "duration": 0,
              "state": "skipped",
              "speed": null,
              "pass": false,
              "fail": false,
              "pending": false,
              "context": null,
              "code": "let fileName;\nlet synopticArr, snakeArr;\ncy.removeDownloadsFiles();\ncy.synopticRun({\n  language: 'Hebrew',\n  files: ['tehilim1mechon-mamre.txt', 'tehilim1chabad.txt']\n});\ncy.enterEmail();\ncy.downloadEmailResultsFile({\n  vertical: 'horiz'\n}).then(() => {\n  cy.fileName().then(name => {\n    fileName = name;\n  });\n}).then(() => {\n  cy.readExcelFile(fileName)\n  // returns an array of lines read from Excel file\n  .then(list => {\n    synopticArr = list;\n  }).then(() => {\n    cy.moveFileDownloadsTofixtures(fileName).then(() => {\n      cy.setLanguageMode({\n        language: 'Hebrew'\n      });\n      cy.runSnake({\n        file: fileName,\n        numColumnsPerRow: undefined,\n        blankRows: undefined,\n        includeSynopsisSnakeFile: true\n      });\n    }).then(() => {\n      cy.getSnakeMatrix().then(matrix => {\n        snakeArr = matrix;\n      });\n    }).then(() => {\n      cy.snakeHasSameData({\n        synopticArr: synopticArr,\n        snakeArr: snakeArr,\n        blankRows: 2,\n        columnsPerRow: 10,\n        numBooks: 2,\n        synopsis: true\n      });\n    });\n  });\n});",
              "err": {},
              "uuid": "84832730-ff84-4aa5-a626-a95cb115e1bd",
              "parentUUID": "cc7dfde3-739b-4184-bddc-5ef58339d727",
              "isHook": false,
              "skipped": true
            }
          ],
          "suites": [],
          "passes": [],
          "failures": [
            "f2853540-4a52-4d67-8c5d-08ef9379a233"
          ],
          "pending": [],
          "skipped": [
            "04bc0232-9aeb-4c02-b015-f218652d2a74",
            "66ade017-d0be-4831-b5a6-6e14537bd173",
            "46af3c95-e2ad-489c-8204-08fbb58fe27f",
            "5935e711-4a88-4157-b5d9-48e72de2d429",
            "69260401-0cf4-495e-9da6-78a4ffad7621",
            "f2a1be9e-5264-4377-b737-8cda3bd7dd4f",
            "389c1709-14bf-4d93-9606-e1d276223d11",
            "7562e9da-473f-4bfa-a45c-e2db5b13a8d4",
            "e665a0f6-ed54-48ca-b2e0-b2577ac9d471",
            "3e4b8159-065a-4643-8dac-7cfdae14ae1f",
            "fb54a805-23f2-49e0-8d31-ce35601fdd1d",
            "350bd1d5-c625-4c94-bdba-0f67a549cdf1",
            "154176bf-d962-406b-b873-ab588e3c5415",
            "717a4b79-fbb8-4266-a2ee-89c73660d9e4",
            "1712ba05-8ac9-4764-a457-2d45316c07c3",
            "f9d81bf5-7fad-48f0-a255-63862858926f",
            "2d565385-658c-4439-9d0a-09445c2afc4e",
            "49d398ec-8424-4a79-96d8-08372cda8ee3",
            "6bd8e5d1-c2a1-4ad9-80ca-bdb718a23e30",
            "f6aa2938-6747-4f67-8cb8-31c5eb0fc903",
            "a87de4c0-59ca-4114-b27a-7bfce264682a",
            "2d050514-c76f-40f5-b283-b52989f18a5e",
            "9702b14f-8834-4401-acee-e3c3db73a323",
            "0619fd51-36fc-45fe-bd2d-a5c8f36be306",
            "84832730-ff84-4aa5-a626-a95cb115e1bd"
          ],
          "duration": 1766,
          "root": false,
          "rootEmpty": false,
          "_timeout": 2000
        },
        {
          "uuid": "1ba18008-ce62-49b9-a499-43d51cd89043",
          "title": "toolTests dev desktop",
          "fullFile": "",
          "file": "",
          "beforeHooks": [],
          "afterHooks": [],
          "tests": [
            {
              "title": "Synoptic run in hebrew mode",
              "fullTitle": "toolTests dev desktop Synoptic run in hebrew mode",
              "timedOut": null,
              "duration": 349,
              "state": "failed",
              "speed": null,
              "pass": false,
              "fail": true,
              "pending": false,
              "context": "\"videos/toolTests.js.mp4\"",
              "code": "cy.removeDownloadsFiles();\ncy.synopticRun({\n  language: 'Hebrew',\n  files: ['חוליןDaf2b_1.txt', 'חוליןDaf2b_2.txt']\n});\ncy.enterEmail();\ncy.synopticRun({\n  language: 'Hebrew',\n  files: ['חוליןDaf2b_1.txt', 'חוליןDaf2b_2.txt']\n});\ncy.enterEmail();\ncy.downloadEmailResultsFile({\n  vertical: 'var'\n}).then(filename => {\n  Cypress.env('var', filename);\n  cy.readExcelFile(filename).then(list => {\n    cy.wrap(list[0][0]).should('contain', 'חוליןDaf2b_1');\n    cy.wrap(list[0][1]).should('contain', 'חוליןDaf2b_2');\n  });\n});\ncy.downloadEmailResultsFile({\n  vertical: 'horiz'\n}).then(horizfile => {\n  Cypress.env('horiz', horizfile);\n});",
              "err": {
                "message": "CypressError: Action not permitted. Message: `Your current free account CreateInbox feature limit MONTHLY_COUNT has been exceeded. Upgrade your account to increase usage and abilities. Current value = >= 50. Plan limit = 50`. Please upgrade your account. View your account dashboard at https://app.mailslurp.com/login/. For more usage see pricing page . For more help contact support on contact@mailslurp.dev\n\nBecause this error occurred during a `before all` hook we are skipping the remaining tests in the current suite: `toolTests dev desktop`",
                "estack": "[object Object]\nFrom Your Spec Code:\n    at ./cypress/e2e/toolTests.js/</</ (webpack:///./cypress/e2e/toolTests.js:32:19)\n    at ../driver/src/cypress/cy.ts/setRunnable/runnable.fn (https://synoptic-dev--condescending-darwin-5b410d.netlify.app/__cypress/runner/cypress_runner.js:161114:43)\n    at callFn (https://synoptic-dev--condescending-darwin-5b410d.netlify.app/__cypress/runner/cypress_runner.js:114440:21)\n    at ../driver/src/cypress/runner.ts/create/onRunnableRun (https://synoptic-dev--condescending-darwin-5b410d.netlify.app/__cypress/runner/cypress_runner.js:168103:30)\n    at finallyHandler (https://synoptic-dev--condescending-darwin-5b410d.netlify.app/__cypress/runner/cypress_runner.js:15298:23)\n    at tryCatcher (https://synoptic-dev--condescending-darwin-5b410d.netlify.app/__cypress/runner/cypress_runner.js:18744:23)\n    at ../../node_modules/bluebird/js/release/promise.js/</module.exports/Promise.prototype._settlePromiseFromHandler (https://synoptic-dev--condescending-darwin-5b410d.netlify.app/__cypress/runner/cypress_runner.js:16679:31)\n    at ../../node_modules/bluebird/js/release/promise.js/</module.exports/Promise.prototype._settlePromise (https://synoptic-dev--condescending-darwin-5b410d.netlify.app/__cypress/runner/cypress_runner.js:16736:18)\n    at ../../node_modules/bluebird/js/release/promise.js/</module.exports/Promise.prototype._settlePromise0 (https://synoptic-dev--condescending-darwin-5b410d.netlify.app/__cypress/runner/cypress_runner.js:16781:10)\n    at ../../node_modules/bluebird/js/release/promise.js/</module.exports/Promise.prototype._settlePromises (https://synoptic-dev--condescending-darwin-5b410d.netlify.app/__cypress/runner/cypress_runner.js:16861:18)\n    at ../../node_modules/bluebird/js/release/promise.js/</module.exports/Promise.prototype._fulfill (https://synoptic-dev--condescending-darwin-5b410d.netlify.app/__cypress/runner/cypress_runner.js:16805:18)\n    at ../../node_modules/bluebird/js/release/promise.js/</module.exports/Promise.prototype._settlePromise (https://synoptic-dev--condescending-darwin-5b410d.netlify.app/__cypress/runner/cypress_runner.js:16749:21)\n    at ../../node_modules/bluebird/js/release/promise.js/</module.exports/Promise.prototype._settlePromise0 (https://synoptic-dev--condescending-darwin-5b410d.netlify.app/__cypress/runner/cypress_runner.js:16781:10)\n    at ../../node_modules/bluebird/js/release/promise.js/</module.exports/Promise.prototype._settlePromises (https://synoptic-dev--condescending-darwin-5b410d.netlify.app/__cypress/runner/cypress_runner.js:16861:18)\n    at ../../node_modules/bluebird/js/release/promise.js/</module.exports/Promise.prototype._fulfill (https://synoptic-dev--condescending-darwin-5b410d.netlify.app/__cypress/runner/cypress_runner.js:16805:18)\n    at ../../node_modules/bluebird/js/release/promise.js/</module.exports/Promise.prototype._resolveCallback (https://synoptic-dev--condescending-darwin-5b410d.netlify.app/__cypress/runner/cypress_runner.js:16599:57)\n    at ../../node_modules/bluebird/js/release/promise.js/</module.exports/Promise.prototype._settlePromiseFromHandler (https://synoptic-dev--condescending-darwin-5b410d.netlify.app/__cypress/runner/cypress_runner.js:16691:17)\n    at ../../node_modules/bluebird/js/release/promise.js/</module.exports/Promise.prototype._settlePromise (https://synoptic-dev--condescending-darwin-5b410d.netlify.app/__cypress/runner/cypress_runner.js:16736:18)\n    at ../../node_modules/bluebird/js/release/promise.js/</module.exports/Promise.prototype._settlePromise0 (https://synoptic-dev--condescending-darwin-5b410d.netlify.app/__cypress/runner/cypress_runner.js:16781:10)\n    at ../../node_modules/bluebird/js/release/promise.js/</module.exports/Promise.prototype._settlePromises (https://synoptic-dev--condescending-darwin-5b410d.netlify.app/__cypress/runner/cypress_runner.js:16861:18)\n    at ../../node_modules/bluebird/js/release/promise.js/</module.exports/Promise.prototype._fulfill (https://synoptic-dev--condescending-darwin-5b410d.netlify.app/__cypress/runner/cypress_runner.js:16805:18)\n    at ../../node_modules/bluebird/js/release/promise_array.js/module.exports/PromiseArray.prototype._resolve (https://synoptic-dev--condescending-darwin-5b410d.netlify.app/__cypress/runner/cypress_runner.js:17078:19)\n    at ../../node_modules/bluebird/js/release/promise_array.js/module.exports/PromiseArray.prototype._promiseFulfilled (https://synoptic-dev--condescending-darwin-5b410d.netlify.app/__cypress/runner/cypress_runner.js:17096:14)\n    at ../../node_modules/bluebird/js/release/promise_array.js/module.exports/PromiseArray.prototype._iterate (https://synoptic-dev--condescending-darwin-5b410d.netlify.app/__cypress/runner/cypress_runner.js:17066:31)\n    at init (https://synoptic-dev--condescending-darwin-5b410d.netlify.app/__cypress/runner/cypress_runner.js:17030:10)\n    at ../../node_modules/bluebird/js/release/promise.js/</module.exports/Promise.prototype._settlePromise (https://synoptic-dev--condescending-darwin-5b410d.netlify.app/__cypress/runner/cypress_runner.js:16733:21)\n    at ../../node_modules/bluebird/js/release/promise.js/</module.exports/Promise.prototype._settlePromise0 (https://synoptic-dev--condescending-darwin-5b410d.netlify.app/__cypress/runner/cypress_runner.js:16781:10)\n    at ../../node_modules/bluebird/js/release/promise.js/</module.exports/Promise.prototype._settlePromises (https://synoptic-dev--condescending-darwin-5b410d.netlify.app/__cypress/runner/cypress_runner.js:16861:18)\n    at ../../node_modules/bluebird/js/release/promise.js/</module.exports/Promise.prototype._fulfill (https://synoptic-dev--condescending-darwin-5b410d.netlify.app/__cypress/runner/cypress_runner.js:16805:18)\n    at ../../node_modules/bluebird/js/release/promise_array.js/module.exports/PromiseArray.prototype._resolve (https://synoptic-dev--condescending-darwin-5b410d.netlify.app/__cypress/runner/cypress_runner.js:17078:19)\n    at ../../node_modules/bluebird/js/release/promise_array.js/module.exports/PromiseArray.prototype._promiseFulfilled (https://synoptic-dev--condescending-darwin-5b410d.netlify.app/__cypress/runner/cypress_runner.js:17096:14)\n    at ../../node_modules/bluebird/js/release/promise.js/</module.exports/Promise.prototype._settlePromise (https://synoptic-dev--condescending-darwin-5b410d.netlify.app/__cypress/runner/cypress_runner.js:16741:26)\n    at ../../node_modules/bluebird/js/release/promise.js/</module.exports/Promise.prototype._settlePromise0 (https://synoptic-dev--condescending-darwin-5b410d.netlify.app/__cypress/runner/cypress_runner.js:16781:10)\n    at ../../node_modules/bluebird/js/release/promise.js/</module.exports/Promise.prototype._settlePromises (https://synoptic-dev--condescending-darwin-5b410d.netlify.app/__cypress/runner/cypress_runner.js:16861:18)\n    at ../../node_modules/bluebird/js/release/promise.js/</module.exports/Promise.prototype._fulfill (https://synoptic-dev--condescending-darwin-5b410d.netlify.app/__cypress/runner/cypress_runner.js:16805:18)\n    at ../../node_modules/bluebird/js/release/promise_array.js/module.exports/PromiseArray.prototype._resolve (https://synoptic-dev--condescending-darwin-5b410d.netlify.app/__cypress/runner/cypress_runner.js:17078:19)\n    at ../../node_modules/bluebird/js/release/map.js/module.exports/MappingPromiseArray.prototype._promiseFulfilled (https://synoptic-dev--condescending-darwin-5b410d.netlify.app/__cypress/runner/cypress_runner.js:15904:18)\n    at ../../node_modules/bluebird/js/release/promise.js/</module.exports/Promise.prototype._settlePromise (https://synoptic-dev--condescending-darwin-5b410d.netlify.app/__cypress/runner/cypress_runner.js:16741:26)\n    at ../../node_modules/bluebird/js/release/promise.js/</module.exports/Promise.prototype._settlePromise0 (https://synoptic-dev--condescending-darwin-5b410d.netlify.app/__cypress/runner/cypress_runner.js:16781:10)\n    at ../../node_modules/bluebird/js/release/promise.js/</module.exports/Promise.prototype._settlePromises (https://synoptic-dev--condescending-darwin-5b410d.netlify.app/__cypress/runner/cypress_runner.js:16861:18)\n    at _drainQueueStep (https://synoptic-dev--condescending-darwin-5b410d.netlify.app/__cypress/runner/cypress_runner.js:13451:12)\n    at _drainQueue (https://synoptic-dev--condescending-darwin-5b410d.netlify.app/__cypress/runner/cypress_runner.js:13444:24)\n    at ../../node_modules/bluebird/js/release/async.js/</Async.prototype._drainQueues (https://synoptic-dev--condescending-darwin-5b410d.netlify.app/__cypress/runner/cypress_runner.js:13460:16)\n    at ../../node_modules/bluebird/js/release/async.js/</Async/this.drainQueues (https://synoptic-dev--condescending-darwin-5b410d.netlify.app/__cypress/runner/cypress_runner.js:13330:14)",
                "diff": null
              },
              "uuid": "89d86930-85c3-4508-b097-b244478fdfe8",
              "parentUUID": "1ba18008-ce62-49b9-a499-43d51cd89043",
              "isHook": false,
              "skipped": false
            },
            {
              "title": "Synoptic run in english mode",
              "fullTitle": "toolTests dev desktop Synoptic run in english mode",
              "timedOut": null,
              "duration": 0,
              "state": "skipped",
              "speed": null,
              "pass": false,
              "fail": false,
              "pending": false,
              "context": null,
              "code": "cy.synopticRun({\n  language: 'English',\n  files: ['חוליןDaf2b_2.docx', 'חוליןDaf2b_3.docx']\n});\ncy.enterEmail();\ncy.downloadEmailResultsFile({\n  vertical: 'var'\n}).then(filename => {\n  cy.readExcelFile(filename).then(list => {\n    cy.wrap(list[0][0]).should('contain', 'חוליןDaf2b_2');\n    cy.wrap(list[0][1]).should('contain', 'חוליןDaf2b_3');\n  });\n});",
              "err": {},
              "uuid": "34789489-9d42-4f83-aeb6-06bfc83c3876",
              "parentUUID": "1ba18008-ce62-49b9-a499-43d51cd89043",
              "isHook": false,
              "skipped": true
            },
            {
              "title": "Synoptic run of word file and txt file",
              "fullTitle": "toolTests dev desktop Synoptic run of word file and txt file",
              "timedOut": null,
              "duration": 0,
              "state": "skipped",
              "speed": null,
              "pass": false,
              "fail": false,
              "pending": false,
              "context": null,
              "code": "cy.synopticRun({\n  language: 'English',\n  files: ['חוליןDaf2b_1.docx', 'חוליןDaf2b_3.txt']\n});\ncy.enterEmail();\ncy.downloadEmailResultsFile({\n  vertical: 'var'\n}).then(filename => {\n  cy.readExcelFile(filename).then(list => {\n    cy.wrap(list[0][0]).should('contain', 'חוליןDaf2b_');\n    cy.wrap(list[0][1]).should('contain', 'חוליןDaf2b_3');\n  });\n});",
              "err": {},
              "uuid": "e0a9c66f-02cd-479a-93ef-7df015f05bb3",
              "parentUUID": "1ba18008-ce62-49b9-a499-43d51cd89043",
              "isHook": false,
              "skipped": true
            },
            {
              "title": "Not sufficiently similar message in english",
              "fullTitle": "toolTests dev desktop Not sufficiently similar message in english",
              "timedOut": null,
              "duration": 0,
              "state": "skipped",
              "speed": null,
              "pass": false,
              "fail": false,
              "pending": false,
              "context": null,
              "code": "cy.synopticRun({\n  language: 'English',\n  files: ['כתובות.txt', 'חולין.txt']\n});\ncy.enterEmail();\ncy.get('.error-message').invoke('text').then(text => {\n  cy.wrap(text).should('contain', 'Error received');\n  cy.wrap(text).should('contain', 'כתובות.txt');\n  cy.wrap(text).should('contain', '[This means the data in the version');\n  cy.wrap(text).should('contain', 'listed above is not sufficiently similar to the other');\n  cy.wrap(text).should('contain', 'to perform a synopsis.]');\n});",
              "err": {},
              "uuid": "85c7f8b1-9b33-4921-86f0-009a5a939bd6",
              "parentUUID": "1ba18008-ce62-49b9-a499-43d51cd89043",
              "isHook": false,
              "skipped": true
            },
            {
              "title": "Not sufficiently similar message in hebrew",
              "fullTitle": "toolTests dev desktop Not sufficiently similar message in hebrew",
              "timedOut": null,
              "duration": 0,
              "state": "skipped",
              "speed": null,
              "pass": false,
              "fail": false,
              "pending": false,
              "context": null,
              "code": "cy.synopticRun({\n  language: 'Hebrew',\n  files: ['כתובות.txt', 'חולין.txt']\n});\ncy.enterEmail();\ncy.get('.error-message').invoke('text').then(text => {\n  cy.wrap(text).should('contain', 'התקבלה הודעת שגיאה');\n  cy.wrap(text).should('contain', 'כתובות.txt');\n  cy.wrap(text).should('contain', '[הקבצים ברשימה הנזכרת אינם דומים מספיק לקבצים האחרים');\n  cy.wrap(text).should('contain', 'שנכללים בהשוואת הגרסאות.]');\n  cy.wrap(text).should('contain', 'אפשר למחוק את הקבצים החריגים או לאפשר להם להיכלל');\n  cy.wrap(text).should('contain', 'בהשוואת הגרסאות.');\n});",
              "err": {},
              "uuid": "a2be9b12-3f1b-4721-b103-3494e2538d9a",
              "parentUUID": "1ba18008-ce62-49b9-a499-43d51cd89043",
              "isHook": false,
              "skipped": true
            },
            {
              "title": "Synoptic run with large file in english mode",
              "fullTitle": "toolTests dev desktop Synoptic run with large file in english mode",
              "timedOut": null,
              "duration": 0,
              "state": "skipped",
              "speed": null,
              "pass": false,
              "fail": false,
              "pending": false,
              "context": null,
              "code": "cy.synopticRun({\n  language: 'English',\n  files: ['כתובות.txt', 'כתובות1.txt']\n});\ncy.enterEmail();\ncy.get('.px-5').should('contain', 'The synopsis results will be sent via email');",
              "err": {},
              "uuid": "9a3e44ce-e1da-4688-856d-a29bc096459b",
              "parentUUID": "1ba18008-ce62-49b9-a499-43d51cd89043",
              "isHook": false,
              "skipped": true
            },
            {
              "title": "Synoptic run with large file in english mode",
              "fullTitle": "toolTests dev desktop Synoptic run with large file in english mode",
              "timedOut": null,
              "duration": 0,
              "state": "skipped",
              "speed": null,
              "pass": false,
              "fail": false,
              "pending": false,
              "context": null,
              "code": "cy.synopticRun({\n  language: 'Hebrew',\n  files: ['כתובות.txt', 'כתובות1.txt']\n});\ncy.enterEmail();\ncy.get('.px-5').should('contain', 'קובץ התוצאות של השוואת הגרסאות ישלח לדוא״ל');",
              "err": {},
              "uuid": "84c3f82c-c0f3-4774-94d9-acf9708519d3",
              "parentUUID": "1ba18008-ce62-49b9-a499-43d51cd89043",
              "isHook": false,
              "skipped": true
            },
            {
              "title": "Go Back button befor results page",
              "fullTitle": "toolTests dev desktop Go Back button befor results page",
              "timedOut": null,
              "duration": 0,
              "state": "skipped",
              "speed": null,
              "pass": false,
              "fail": false,
              "pending": false,
              "context": null,
              "code": "cy.synopticRun({\n  language: 'English',\n  files: ['חולין.txt', 'כתובות.txt']\n});\ncy.enterEmail();\ncy.get('button').contains('Upload new files').click({\n  force: true\n});\ncy.get('.file-upload > .col-sm-9').should('be.visible');",
              "err": {},
              "uuid": "a17c7109-9cc5-4821-b7ab-fe3938a1af6b",
              "parentUUID": "1ba18008-ce62-49b9-a499-43d51cd89043",
              "isHook": false,
              "skipped": true
            },
            {
              "title": "Go Back button befor results page",
              "fullTitle": "toolTests dev desktop Go Back button befor results page",
              "timedOut": null,
              "duration": 0,
              "state": "skipped",
              "speed": null,
              "pass": false,
              "fail": false,
              "pending": false,
              "context": null,
              "code": "cy.synopticRun({\n  language: 'Hebrew',\n  files: ['חולין.txt', 'כתובות.txt']\n});\ncy.enterEmail();\ncy.get('button').contains('חזרה למסך הראשי').click({\n  force: true\n});\ncy.get('.file-upload > .col-sm-9').should('be.visible');",
              "err": {},
              "uuid": "b1a74d06-f16e-4a69-95cb-a931ea90b4d9",
              "parentUUID": "1ba18008-ce62-49b9-a499-43d51cd89043",
              "isHook": false,
              "skipped": true
            },
            {
              "title": "All rows in table are correct(2 txt files)",
              "fullTitle": "toolTests dev desktop All rows in table are correct(2 txt files)",
              "timedOut": null,
              "duration": 0,
              "state": "skipped",
              "speed": null,
              "pass": false,
              "fail": false,
              "pending": false,
              "context": null,
              "code": "cy.readExcelFile(Cypress.env('var')).then(list => {\n  cy.wrap(list[0][0]).should('contain', 'חוליןDaf2b_1');\n  cy.wrap(list[0][1]).should('contain', 'חוליןDaf2b_2');\n  cy.testAllRows(list.slice(1));\n});",
              "err": {},
              "uuid": "b3453d8b-b190-48d8-9e27-4a183bea9fb2",
              "parentUUID": "1ba18008-ce62-49b9-a499-43d51cd89043",
              "isHook": false,
              "skipped": true
            },
            {
              "title": "All rows in table are correct(3 txt files)",
              "fullTitle": "toolTests dev desktop All rows in table are correct(3 txt files)",
              "timedOut": null,
              "duration": 0,
              "state": "skipped",
              "speed": null,
              "pass": false,
              "fail": false,
              "pending": false,
              "context": null,
              "code": "cy.synopticRun({\n  language: 'Hebrew',\n  files: ['חוליןDaf2b_1.txt', 'חוליןDaf2b_2.txt', 'חוליןDaf2b_3.txt']\n});\ncy.enterEmail();\ncy.downloadEmailResultsFile({\n  vertical: 'var'\n}).then(filename => {\n  cy.readExcelFile(filename).then(list => {\n    cy.wrap(list[0][0]).should('contain', 'חוליןDaf2b_1');\n    cy.wrap(list[0][1]).should('contain', 'חוליןDaf2b_2');\n    cy.wrap(list[0][2]).should('contain', 'חוליןDaf2b_3');\n    cy.testAllRows(list.slice(1));\n  });\n});",
              "err": {},
              "uuid": "c66d9ce7-04b9-4341-9051-4b0cea92bd76",
              "parentUUID": "1ba18008-ce62-49b9-a499-43d51cd89043",
              "isHook": false,
              "skipped": true
            },
            {
              "title": "Errer message in hebrew for file with only english text",
              "fullTitle": "toolTests dev desktop Errer message in hebrew for file with only english text",
              "timedOut": null,
              "duration": 0,
              "state": "skipped",
              "speed": null,
              "pass": false,
              "fail": false,
              "pending": false,
              "context": null,
              "code": "cy.synopticRun({\n  language: 'Hebrew',\n  files: ['חוליןDaf2b_1.txt', 'חוליןDaf2b_2.txt', 'englishText.txt']\n});\ncy.enterEmail();\ncy.get('.pt-4').should('contain', 'התקבלה הודעת שגיאה');\ncy.get('.px-5').should('contain', '\"englishText.txt\"');",
              "err": {},
              "uuid": "e72a85ba-2fda-4781-8ba3-c8f07cb404b7",
              "parentUUID": "1ba18008-ce62-49b9-a499-43d51cd89043",
              "isHook": false,
              "skipped": true
            },
            {
              "title": "Errer message in english for file with only english text",
              "fullTitle": "toolTests dev desktop Errer message in english for file with only english text",
              "timedOut": null,
              "duration": 0,
              "state": "skipped",
              "speed": null,
              "pass": false,
              "fail": false,
              "pending": false,
              "context": null,
              "code": "cy.synopticRun({\n  language: 'English',\n  files: ['חוליןDaf2b_1.txt', 'חוליןDaf2b_2.txt', 'englishText.txt']\n});\ncy.enterEmail();\ncy.get('.pt-4').should('contain', 'Error receive');\ncy.get('.px-5').should('contain', '\"englishText.txt\"');",
              "err": {},
              "uuid": "1101f38f-8a94-4147-a6a3-a45921740c84",
              "parentUUID": "1ba18008-ce62-49b9-a499-43d51cd89043",
              "isHook": false,
              "skipped": true
            },
            {
              "title": "File with only english text was deleted from list of uploads",
              "fullTitle": "toolTests dev desktop File with only english text was deleted from list of uploads",
              "timedOut": null,
              "duration": 0,
              "state": "skipped",
              "speed": null,
              "pass": false,
              "fail": false,
              "pending": false,
              "context": null,
              "code": "cy.synopticRun({\n  language: 'Hebrew',\n  files: ['חוליןDaf2b_1.txt', 'חוליןDaf2b_2.txt', 'englishText.txt']\n});\ncy.enterEmail();\ncy.get('button').contains('חזרה למסך הראשי').click({\n  force: true\n});\ncy.get('.uppy-Dashboard-Item-actionWrapper').children().next().eq(2).click({\n  force: true\n});\ncy.get('.file-upload > .col-sm-3 > .settings > #apply-synopsis').click({\n  force: true\n});\nconst success_message = ['The files were successfully uploaded', 'הקבצים הועלו בהצלחה'];\nconst regex = new RegExp(`${success_message.join('|')}`, 'g');\ncy.get('.env-wrapper > .mt-1', {\n  timeout: 60000\n}).contains(regex, {\n  timeout: 60000\n}).should('exist');\ncy.get('#input-email-upload').type('lomibluth@gmail.com');\ncy.get('#email-form > .btn').click({\n  force: true\n});\ncy.get('.px-5').should('contain', 'קובץ התוצאות של השוואת הגרסאות ישלח לדוא״ל');",
              "err": {},
              "uuid": "ba21cdd9-37ac-46e1-a165-3d38a5b0bd7f",
              "parentUUID": "1ba18008-ce62-49b9-a499-43d51cd89043",
              "isHook": false,
              "skipped": true
            },
            {
              "title": "Remove file with test different text and retry",
              "fullTitle": "toolTests dev desktop Remove file with test different text and retry",
              "timedOut": null,
              "duration": 0,
              "state": "skipped",
              "speed": null,
              "pass": false,
              "fail": false,
              "pending": false,
              "context": null,
              "code": "cy.synopticRun({\n  language: 'Hebrew',\n  files: ['חוליןDaf2b_1.txt', 'חוליןDaf2b_2.txt', 'חוליןDaf3b_1.txt']\n});\ncy.enterEmail();\ncy.get('.outlier-btns > .mx-2').click({\n  force: true\n});\ncy.get('.px-5').should('contain', 'קובץ התוצאות של השוואת הגרסאות ישלח לדוא״ל');",
              "err": {},
              "uuid": "4b03821d-db42-47db-aa74-493dbb3aaf47",
              "parentUUID": "1ba18008-ce62-49b9-a499-43d51cd89043",
              "isHook": false,
              "skipped": true
            },
            {
              "title": "Allow outliers",
              "fullTitle": "toolTests dev desktop Allow outliers",
              "timedOut": null,
              "duration": 0,
              "state": "skipped",
              "speed": null,
              "pass": false,
              "fail": false,
              "pending": false,
              "context": null,
              "code": "cy.synopticRun({\n  language: 'Hebrew',\n  files: ['חוליןDaf2b_1.txt', 'חוליןDaf2b_2.txt', 'חוליןDaf3b_1.txt']\n});\ncy.enterEmail();\ncy.get('.outlier-btns > .btn-primary').click({\n  force: true\n});\ncy.get('.px-5').should('contain', 'קובץ התוצאות של השוואת הגרסאות ישלח לדוא״ל');",
              "err": {},
              "uuid": "41e0af0b-390f-4967-82e9-67ae50034141",
              "parentUUID": "1ba18008-ce62-49b9-a499-43d51cd89043",
              "isHook": false,
              "skipped": true
            },
            {
              "title": "All Column in horizontal txt file are correct",
              "fullTitle": "toolTests dev desktop All Column in horizontal txt file are correct",
              "timedOut": null,
              "duration": 0,
              "state": "skipped",
              "speed": null,
              "pass": false,
              "fail": false,
              "pending": false,
              "context": null,
              "code": "cy.readExcelFile(Cypress.env('horiz'))\n// returns an array of lines read from Excel file\n.then(list => {\n  if (urlKey == 'dev') {\n    cy.wrap(list[1].length).should('eq', 239);\n  } else if (urlKey == 'live') {\n    cy.wrap(list[1].length).should('eq', 239);\n  }\n  cy.testHorizontalMatrix(list);\n});",
              "err": {},
              "uuid": "06e14a72-9d03-4700-91af-76beeda2d99b",
              "parentUUID": "1ba18008-ce62-49b9-a499-43d51cd89043",
              "isHook": false,
              "skipped": true
            },
            {
              "title": "All rows in vertical word file are correct",
              "fullTitle": "toolTests dev desktop All rows in vertical word file are correct",
              "timedOut": null,
              "duration": 0,
              "state": "skipped",
              "speed": null,
              "pass": false,
              "fail": false,
              "pending": false,
              "context": null,
              "code": "cy.readExcelFile(Cypress.env('var'))\n// returns an array of lines read from Excel file\n.then(list => {\n  if (urlKey == 'dev') {\n    cy.wrap(list.length).should('eq', 239);\n  } else if (urlKey == 'live') {\n    cy.wrap(list.length).should('eq', 239);\n  }\n  cy.testVerticalMatrix(list);\n});",
              "err": {},
              "uuid": "9df9f36f-00e4-482d-aa1f-ebc00a234f34",
              "parentUUID": "1ba18008-ce62-49b9-a499-43d51cd89043",
              "isHook": false,
              "skipped": true
            },
            {
              "title": "run snake",
              "fullTitle": "toolTests dev desktop run snake",
              "timedOut": null,
              "duration": 0,
              "state": "skipped",
              "speed": null,
              "pass": false,
              "fail": false,
              "pending": false,
              "context": null,
              "code": "cy.runSnake({\n  file: '64c7cb70-7ec9-4ac9-ba3a-d784e92db10b-horiz.xlsx',\n  numColumnsPerRow: undefined,\n  blankRows: undefined,\n  includeSynopsisSnakeFile: true,\n  Language: 'Hebrew'\n}).then(() => {\n  cy.getSnakeMatrix().then(matrix => {\n    cy.wrap(matrix).should('not.be.null');\n  });\n});",
              "err": {},
              "uuid": "975f3d86-6137-4626-89a7-ffee7d4c26f5",
              "parentUUID": "1ba18008-ce62-49b9-a499-43d51cd89043",
              "isHook": false,
              "skipped": true
            },
            {
              "title": "1 columns per row test",
              "fullTitle": "toolTests dev desktop 1 columns per row test",
              "timedOut": null,
              "duration": 0,
              "state": "skipped",
              "speed": null,
              "pass": false,
              "fail": false,
              "pending": false,
              "context": null,
              "code": "cy.removeDownloadsFiles();\nlet columnsPerRow = 1;\ncy.runSnake({\n  file: '64c7cb70-7ec9-4ac9-ba3a-d784e92db10b-horiz.xlsx',\n  numColumnsPerRow: undefined,\n  blankRows: undefined,\n  numColumnsPerRow: columnsPerRow,\n  Language: 'Hebrew'\n}).then(() => {\n  cy.getSnakeMatrix().then(matrix => {\n    cy.testNumColumnsPerRow(matrix, columnsPerRow);\n  });\n});",
              "err": {},
              "uuid": "4e81365a-968e-423d-9f6e-feb086e91406",
              "parentUUID": "1ba18008-ce62-49b9-a499-43d51cd89043",
              "isHook": false,
              "skipped": true
            },
            {
              "title": "20 columns per row test",
              "fullTitle": "toolTests dev desktop 20 columns per row test",
              "timedOut": null,
              "duration": 0,
              "state": "skipped",
              "speed": null,
              "pass": false,
              "fail": false,
              "pending": false,
              "context": null,
              "code": "let columnsPerRow = 20;\ncy.removeDownloadsFiles();\ncy.runSnake({\n  file: '64c7cb70-7ec9-4ac9-ba3a-d784e92db10b-horiz.xlsx',\n  numColumnsPerRow: undefined,\n  blankRows: undefined,\n  numColumnsPerRow: columnsPerRow,\n  Language: 'Hebrew'\n}).then(() => {\n  cy.getSnakeMatrix().then(matrix => {\n    cy.testNumColumnsPerRow(matrix, columnsPerRow);\n  });\n});",
              "err": {},
              "uuid": "ceec3e19-a1c4-4709-8154-bedde569da40",
              "parentUUID": "1ba18008-ce62-49b9-a499-43d51cd89043",
              "isHook": false,
              "skipped": true
            },
            {
              "title": "1 blank rows with Synopsis",
              "fullTitle": "toolTests dev desktop 1 blank rows with Synopsis",
              "timedOut": null,
              "duration": 0,
              "state": "skipped",
              "speed": null,
              "pass": false,
              "fail": false,
              "pending": false,
              "context": null,
              "code": "let blankRows = 1,\n  numOfFiles = 2;\nlet includeSynopsisSnakeFile = true;\ncy.removeDownloadsFiles();\n// cy.removeFixturesXLSXFiles()\ncy.runSnake({\n  file: '64c7cb70-7ec9-4ac9-ba3a-d784e92db10b-horiz.xlsx',\n  numColumnsPerRow: undefined,\n  blankRows: blankRows,\n  includeSynopsisSnakeFile: undefined,\n  Language: 'Hebrew'\n}).then(() => {\n  cy.getSnakeMatrix().then(matrix => {\n    if (urlKey == 'dev') {\n      cy.wrap(matrix.length).should('eq', 95);\n    } else if (urlKey == 'live') {\n      cy.wrap(matrix.length).should('eq', 95);\n    }\n    cy.testBlankRows({\n      matrix: matrix,\n      blankRows: blankRows,\n      numOfFiles: numOfFiles,\n      includeSynopsis: includeSynopsisSnakeFile\n    });\n  });\n});",
              "err": {},
              "uuid": "c5dd3dab-a404-4bd6-9597-c7252c76d9e0",
              "parentUUID": "1ba18008-ce62-49b9-a499-43d51cd89043",
              "isHook": false,
              "skipped": true
            },
            {
              "title": "5 blank rows with Synopsis",
              "fullTitle": "toolTests dev desktop 5 blank rows with Synopsis",
              "timedOut": null,
              "duration": 0,
              "state": "skipped",
              "speed": null,
              "pass": false,
              "fail": false,
              "pending": false,
              "context": null,
              "code": "let blankRows = 5,\n  numOfFiles = 2;\nlet includeSynopsisSnakeFile = true;\ncy.removeDownloadsFiles();\ncy.runSnake({\n  file: '64c7cb70-7ec9-4ac9-ba3a-d784e92db10b-horiz.xlsx',\n  numColumnsPerRow: undefined,\n  blankRows: blankRows,\n  includeSynopsisSnakeFile: undefined,\n  Language: 'Hebrew'\n}).then(() => {\n  cy.getSnakeMatrix().then(matrix => {\n    if (urlKey == 'dev') {\n      cy.wrap(matrix.length).should('eq', 187);\n    } else if (urlKey == 'live') {\n      cy.wrap(matrix.length).should('eq', 187);\n    }\n    cy.testBlankRows({\n      matrix: matrix,\n      blankRows: blankRows,\n      numOfFiles: numOfFiles,\n      includeSynopsis: includeSynopsisSnakeFile\n    });\n  });\n});",
              "err": {},
              "uuid": "56dad470-1330-4b31-bca7-c618c2f63dcd",
              "parentUUID": "1ba18008-ce62-49b9-a499-43d51cd89043",
              "isHook": false,
              "skipped": true
            },
            {
              "title": "1 blank rows without Synopsis",
              "fullTitle": "toolTests dev desktop 1 blank rows without Synopsis",
              "timedOut": null,
              "duration": 0,
              "state": "skipped",
              "speed": null,
              "pass": false,
              "fail": false,
              "pending": false,
              "context": null,
              "code": "let blankRows = 1,\n  numOfFiles = 2;\nlet includeSynopsisSnakeFile = false;\ncy.removeDownloadsFiles();\ncy.runSnake({\n  file: '64c7cb70-7ec9-4ac9-ba3a-d784e92db10b-horiz.xlsx',\n  numColumnsPerRow: undefined,\n  blankRows: blankRows,\n  includeSynopsisSnakeFile: includeSynopsisSnakeFile,\n  Language: 'Hebrew'\n}).then(() => {\n  cy.getSnakeMatrix().then(matrix => {\n    if (urlKey == 'dev') {\n      cy.wrap(matrix.length).should('eq', 71);\n    } else if (urlKey == 'live') {\n      cy.wrap(matrix.length).should('eq', 71);\n    }\n    cy.testBlankRows({\n      matrix: matrix,\n      blankRows: blankRows,\n      numOfFiles: numOfFiles,\n      includeSynopsis: includeSynopsisSnakeFile\n    });\n  });\n});",
              "err": {},
              "uuid": "cb3435b2-06f6-413c-b788-aaa08eb4fffd",
              "parentUUID": "1ba18008-ce62-49b9-a499-43d51cd89043",
              "isHook": false,
              "skipped": true
            },
            {
              "title": "5 blank rows without Synopsis",
              "fullTitle": "toolTests dev desktop 5 blank rows without Synopsis",
              "timedOut": null,
              "duration": 0,
              "state": "skipped",
              "speed": null,
              "pass": false,
              "fail": false,
              "pending": false,
              "context": null,
              "code": "let blankRows = 5,\n  numOfFiles = 2;\nlet includeSynopsisSnakeFile = false;\ncy.removeDownloadsFiles();\ncy.runSnake({\n  file: '64c7cb70-7ec9-4ac9-ba3a-d784e92db10b-horiz.xlsx',\n  numColumnsPerRow: undefined,\n  blankRows: blankRows,\n  includeSynopsisSnakeFile: includeSynopsisSnakeFile,\n  Language: 'Hebrew'\n}).then(() => {\n  cy.getSnakeMatrix().then(matrix => {\n    if (urlKey == 'dev') {\n      cy.wrap(matrix.length).should('eq', 163);\n    } else if (urlKey == 'live') {\n      cy.wrap(matrix.length).should('eq', 163);\n    }\n    cy.testBlankRows({\n      matrix: matrix,\n      blankRows: blankRows,\n      numOfFiles: numOfFiles,\n      includeSynopsis: includeSynopsisSnakeFile\n    });\n  });\n});",
              "err": {},
              "uuid": "7c582635-12a2-42f9-9ca0-ae914b030173",
              "parentUUID": "1ba18008-ce62-49b9-a499-43d51cd89043",
              "isHook": false,
              "skipped": true
            },
            {
              "title": "Snake has the same data as synoptic",
              "fullTitle": "toolTests dev desktop Snake has the same data as synoptic",
              "timedOut": null,
              "duration": 0,
              "state": "skipped",
              "speed": null,
              "pass": false,
              "fail": false,
              "pending": false,
              "context": null,
              "code": "let fileName;\nlet synopticArr, snakeArr;\ncy.removeDownloadsFiles();\ncy.synopticRun({\n  language: 'Hebrew',\n  files: ['tehilim1mechon-mamre.txt', 'tehilim1chabad.txt']\n});\ncy.enterEmail();\ncy.downloadEmailResultsFile({\n  vertical: 'horiz'\n}).then(() => {\n  cy.fileName().then(name => {\n    fileName = name;\n  });\n}).then(() => {\n  cy.readExcelFile(fileName)\n  // returns an array of lines read from Excel file\n  .then(list => {\n    synopticArr = list;\n  }).then(() => {\n    cy.moveFileDownloadsTofixtures(fileName).then(() => {\n      cy.setLanguageMode({\n        language: 'Hebrew'\n      });\n      cy.runSnake({\n        file: fileName,\n        numColumnsPerRow: undefined,\n        blankRows: undefined,\n        includeSynopsisSnakeFile: true\n      });\n    }).then(() => {\n      cy.getSnakeMatrix().then(matrix => {\n        snakeArr = matrix;\n      });\n    }).then(() => {\n      cy.snakeHasSameData({\n        synopticArr: synopticArr,\n        snakeArr: snakeArr,\n        blankRows: 2,\n        columnsPerRow: 10,\n        numBooks: 2,\n        synopsis: true\n      });\n    });\n  });\n});",
              "err": {},
              "uuid": "a8d110c0-5a04-4ad8-85e6-94420efb5877",
              "parentUUID": "1ba18008-ce62-49b9-a499-43d51cd89043",
              "isHook": false,
              "skipped": true
            }
          ],
          "suites": [],
          "passes": [],
          "failures": [
            "89d86930-85c3-4508-b097-b244478fdfe8"
          ],
          "pending": [],
          "skipped": [
            "34789489-9d42-4f83-aeb6-06bfc83c3876",
            "e0a9c66f-02cd-479a-93ef-7df015f05bb3",
            "85c7f8b1-9b33-4921-86f0-009a5a939bd6",
            "a2be9b12-3f1b-4721-b103-3494e2538d9a",
            "9a3e44ce-e1da-4688-856d-a29bc096459b",
            "84c3f82c-c0f3-4774-94d9-acf9708519d3",
            "a17c7109-9cc5-4821-b7ab-fe3938a1af6b",
            "b1a74d06-f16e-4a69-95cb-a931ea90b4d9",
            "b3453d8b-b190-48d8-9e27-4a183bea9fb2",
            "c66d9ce7-04b9-4341-9051-4b0cea92bd76",
            "e72a85ba-2fda-4781-8ba3-c8f07cb404b7",
            "1101f38f-8a94-4147-a6a3-a45921740c84",
            "ba21cdd9-37ac-46e1-a165-3d38a5b0bd7f",
            "4b03821d-db42-47db-aa74-493dbb3aaf47",
            "41e0af0b-390f-4967-82e9-67ae50034141",
            "06e14a72-9d03-4700-91af-76beeda2d99b",
            "9df9f36f-00e4-482d-aa1f-ebc00a234f34",
            "975f3d86-6137-4626-89a7-ffee7d4c26f5",
            "4e81365a-968e-423d-9f6e-feb086e91406",
            "ceec3e19-a1c4-4709-8154-bedde569da40",
            "c5dd3dab-a404-4bd6-9597-c7252c76d9e0",
            "56dad470-1330-4b31-bca7-c618c2f63dcd",
            "cb3435b2-06f6-413c-b788-aaa08eb4fffd",
            "7c582635-12a2-42f9-9ca0-ae914b030173",
            "a8d110c0-5a04-4ad8-85e6-94420efb5877"
          ],
          "duration": 349,
          "root": false,
          "rootEmpty": false,
          "_timeout": 2000
        }
      ],
      "passes": [],
      "failures": [],
      "pending": [],
      "skipped": [],
      "duration": 0,
      "root": true,
      "rootEmpty": true,
      "_timeout": 2000
    }
  ],
  "meta": {
    "mocha": {
      "version": "7.0.1"
    },
    "mochawesome": {
      "options": {
        "quiet": false,
        "reportFilename": "mochawesome",
        "saveHtml": false,
        "saveJson": true,
        "consoleReporter": "spec",
        "useInlineDiffs": false,
        "code": true
      },
      "version": "7.1.3"
    },
    "marge": {
      "options": {
        "id": "default",
        "reportDir": "cypress/results/json",
        "overwrite": false,
        "html": false,
        "json": true
      },
      "version": "6.2.0"
    }
  }
}