{
  "stats": {
    "suites": 2,
    "tests": 2,
    "passes": 0,
    "pending": 0,
    "failures": 2,
    "start": "2024-02-13T13:23:57.941Z",
    "end": "2024-02-13T13:24:02.973Z",
    "duration": 5032,
    "testsRegistered": 52,
    "passPercent": 0,
    "pendingPercent": 0,
    "other": 0,
    "hasOther": false,
    "skipped": 50,
    "hasSkipped": true
  },
  "results": [
    {
      "uuid": "6d143d5a-71a1-4cdd-847e-d5762d68e2d3",
      "title": "",
      "fullFile": "cypress\\e2e\\toolTests.js",
      "file": "cypress\\e2e\\toolTests.js",
      "beforeHooks": [],
      "afterHooks": [],
      "tests": [],
      "suites": [
        {
          "uuid": "3c7af60d-4095-4068-b025-d1de9f44cc54",
          "title": "toolTests live desktop",
          "fullFile": "",
          "file": "",
          "beforeHooks": [],
          "afterHooks": [],
          "tests": [
            {
              "title": "Synoptic run in hebrew mode",
              "fullTitle": "toolTests live desktop Synoptic run in hebrew mode",
              "timedOut": null,
              "duration": 4368,
              "state": "failed",
              "speed": null,
              "pass": false,
              "fail": true,
              "pending": false,
              "context": "\"videos/toolTests.js.mp4\"",
              "code": "cy.removeDownloadsFiles();\ncy.synopticRun({\n  language: 'Hebrew',\n  files: ['חוליןDaf2b_1.txt', 'חוליןDaf2b_2.txt']\n});\ncy.enterEmail();\ncy.synopticRun({\n  language: 'Hebrew',\n  files: ['חוליןDaf2b_1.txt', 'חוליןDaf2b_2.txt']\n});\ncy.enterEmail();\ncy.downloadEmailResultsFile({\n  vertical: 'var'\n}).then(filename => {\n  Cypress.env('var', filename);\n  cy.readExcelFile(filename).then(list => {\n    cy.wrap(list[0][0]).should('contain', 'חוליןDaf2b_1');\n    cy.wrap(list[0][1]).should('contain', 'חוליןDaf2b_2');\n  });\n});\ncy.downloadEmailResultsFile({\n  vertical: 'horiz'\n}).then(horizfile => {\n  Cypress.env('horiz', horizfile);\n});",
              "err": {
                "message": "CypressError: Action not permitted. Message: `Your current free account CreateInbox feature limit MONTHLY_COUNT has been exceeded. Upgrade your account to increase usage and abilities. Current value = >= 50. Plan limit = 50`. Please upgrade your account. View your account dashboard at https://app.mailslurp.com/login/. For more usage see pricing page . For more help contact support on contact@mailslurp.dev\n\nBecause this error occurred during a `before all` hook we are skipping the remaining tests in the current suite: `toolTests live desktop`",
                "estack": "[object Object]\nFrom Your Spec Code:\n    at ./cypress/e2e/toolTests.js/</</ (webpack:///./cypress/e2e/toolTests.js:32:19)\n    at ../driver/src/cypress/cy.ts/setRunnable/runnable.fn (https://synoptic-dev--condescending-darwin-5b410d.netlify.app/__cypress/runner/cypress_runner.js:161114:43)\n    at callFn (https://synoptic-dev--condescending-darwin-5b410d.netlify.app/__cypress/runner/cypress_runner.js:114440:21)\n    at ../driver/src/cypress/runner.ts/create/onRunnableRun (https://synoptic-dev--condescending-darwin-5b410d.netlify.app/__cypress/runner/cypress_runner.js:168103:30)\n    at finallyHandler (https://synoptic-dev--condescending-darwin-5b410d.netlify.app/__cypress/runner/cypress_runner.js:15298:23)\n    at tryCatcher (https://synoptic-dev--condescending-darwin-5b410d.netlify.app/__cypress/runner/cypress_runner.js:18744:23)\n    at ../../node_modules/bluebird/js/release/promise.js/</module.exports/Promise.prototype._settlePromiseFromHandler (https://synoptic-dev--condescending-darwin-5b410d.netlify.app/__cypress/runner/cypress_runner.js:16679:31)\n    at ../../node_modules/bluebird/js/release/promise.js/</module.exports/Promise.prototype._settlePromise (https://synoptic-dev--condescending-darwin-5b410d.netlify.app/__cypress/runner/cypress_runner.js:16736:18)\n    at ../../node_modules/bluebird/js/release/promise.js/</module.exports/Promise.prototype._settlePromise0 (https://synoptic-dev--condescending-darwin-5b410d.netlify.app/__cypress/runner/cypress_runner.js:16781:10)\n    at ../../node_modules/bluebird/js/release/promise.js/</module.exports/Promise.prototype._settlePromises (https://synoptic-dev--condescending-darwin-5b410d.netlify.app/__cypress/runner/cypress_runner.js:16861:18)\n    at ../../node_modules/bluebird/js/release/promise.js/</module.exports/Promise.prototype._fulfill (https://synoptic-dev--condescending-darwin-5b410d.netlify.app/__cypress/runner/cypress_runner.js:16805:18)\n    at ../../node_modules/bluebird/js/release/promise.js/</module.exports/Promise.prototype._settlePromise (https://synoptic-dev--condescending-darwin-5b410d.netlify.app/__cypress/runner/cypress_runner.js:16749:21)\n    at ../../node_modules/bluebird/js/release/promise.js/</module.exports/Promise.prototype._settlePromise0 (https://synoptic-dev--condescending-darwin-5b410d.netlify.app/__cypress/runner/cypress_runner.js:16781:10)\n    at ../../node_modules/bluebird/js/release/promise.js/</module.exports/Promise.prototype._settlePromises (https://synoptic-dev--condescending-darwin-5b410d.netlify.app/__cypress/runner/cypress_runner.js:16861:18)\n    at ../../node_modules/bluebird/js/release/promise.js/</module.exports/Promise.prototype._fulfill (https://synoptic-dev--condescending-darwin-5b410d.netlify.app/__cypress/runner/cypress_runner.js:16805:18)\n    at ../../node_modules/bluebird/js/release/promise.js/</module.exports/Promise.prototype._resolveCallback (https://synoptic-dev--condescending-darwin-5b410d.netlify.app/__cypress/runner/cypress_runner.js:16599:57)\n    at ../../node_modules/bluebird/js/release/promise.js/</module.exports/Promise.prototype._settlePromiseFromHandler (https://synoptic-dev--condescending-darwin-5b410d.netlify.app/__cypress/runner/cypress_runner.js:16691:17)\n    at ../../node_modules/bluebird/js/release/promise.js/</module.exports/Promise.prototype._settlePromise (https://synoptic-dev--condescending-darwin-5b410d.netlify.app/__cypress/runner/cypress_runner.js:16736:18)\n    at ../../node_modules/bluebird/js/release/promise.js/</module.exports/Promise.prototype._settlePromise0 (https://synoptic-dev--condescending-darwin-5b410d.netlify.app/__cypress/runner/cypress_runner.js:16781:10)\n    at ../../node_modules/bluebird/js/release/promise.js/</module.exports/Promise.prototype._settlePromises (https://synoptic-dev--condescending-darwin-5b410d.netlify.app/__cypress/runner/cypress_runner.js:16861:18)\n    at ../../node_modules/bluebird/js/release/promise.js/</module.exports/Promise.prototype._fulfill (https://synoptic-dev--condescending-darwin-5b410d.netlify.app/__cypress/runner/cypress_runner.js:16805:18)\n    at ../../node_modules/bluebird/js/release/promise_array.js/module.exports/PromiseArray.prototype._resolve (https://synoptic-dev--condescending-darwin-5b410d.netlify.app/__cypress/runner/cypress_runner.js:17078:19)\n    at ../../node_modules/bluebird/js/release/promise_array.js/module.exports/PromiseArray.prototype._promiseFulfilled (https://synoptic-dev--condescending-darwin-5b410d.netlify.app/__cypress/runner/cypress_runner.js:17096:14)\n    at ../../node_modules/bluebird/js/release/promise_array.js/module.exports/PromiseArray.prototype._iterate (https://synoptic-dev--condescending-darwin-5b410d.netlify.app/__cypress/runner/cypress_runner.js:17066:31)\n    at init (https://synoptic-dev--condescending-darwin-5b410d.netlify.app/__cypress/runner/cypress_runner.js:17030:10)\n    at ../../node_modules/bluebird/js/release/promise.js/</module.exports/Promise.prototype._settlePromise (https://synoptic-dev--condescending-darwin-5b410d.netlify.app/__cypress/runner/cypress_runner.js:16733:21)\n    at ../../node_modules/bluebird/js/release/promise.js/</module.exports/Promise.prototype._settlePromise0 (https://synoptic-dev--condescending-darwin-5b410d.netlify.app/__cypress/runner/cypress_runner.js:16781:10)\n    at ../../node_modules/bluebird/js/release/promise.js/</module.exports/Promise.prototype._settlePromises (https://synoptic-dev--condescending-darwin-5b410d.netlify.app/__cypress/runner/cypress_runner.js:16861:18)\n    at ../../node_modules/bluebird/js/release/promise.js/</module.exports/Promise.prototype._fulfill (https://synoptic-dev--condescending-darwin-5b410d.netlify.app/__cypress/runner/cypress_runner.js:16805:18)\n    at ../../node_modules/bluebird/js/release/promise_array.js/module.exports/PromiseArray.prototype._resolve (https://synoptic-dev--condescending-darwin-5b410d.netlify.app/__cypress/runner/cypress_runner.js:17078:19)\n    at ../../node_modules/bluebird/js/release/promise_array.js/module.exports/PromiseArray.prototype._promiseFulfilled (https://synoptic-dev--condescending-darwin-5b410d.netlify.app/__cypress/runner/cypress_runner.js:17096:14)\n    at ../../node_modules/bluebird/js/release/promise.js/</module.exports/Promise.prototype._settlePromise (https://synoptic-dev--condescending-darwin-5b410d.netlify.app/__cypress/runner/cypress_runner.js:16741:26)\n    at ../../node_modules/bluebird/js/release/promise.js/</module.exports/Promise.prototype._settlePromise0 (https://synoptic-dev--condescending-darwin-5b410d.netlify.app/__cypress/runner/cypress_runner.js:16781:10)\n    at ../../node_modules/bluebird/js/release/promise.js/</module.exports/Promise.prototype._settlePromises (https://synoptic-dev--condescending-darwin-5b410d.netlify.app/__cypress/runner/cypress_runner.js:16861:18)\n    at ../../node_modules/bluebird/js/release/promise.js/</module.exports/Promise.prototype._fulfill (https://synoptic-dev--condescending-darwin-5b410d.netlify.app/__cypress/runner/cypress_runner.js:16805:18)\n    at ../../node_modules/bluebird/js/release/promise_array.js/module.exports/PromiseArray.prototype._resolve (https://synoptic-dev--condescending-darwin-5b410d.netlify.app/__cypress/runner/cypress_runner.js:17078:19)\n    at ../../node_modules/bluebird/js/release/map.js/module.exports/MappingPromiseArray.prototype._promiseFulfilled (https://synoptic-dev--condescending-darwin-5b410d.netlify.app/__cypress/runner/cypress_runner.js:15904:18)\n    at ../../node_modules/bluebird/js/release/promise.js/</module.exports/Promise.prototype._settlePromise (https://synoptic-dev--condescending-darwin-5b410d.netlify.app/__cypress/runner/cypress_runner.js:16741:26)\n    at ../../node_modules/bluebird/js/release/promise.js/</module.exports/Promise.prototype._settlePromise0 (https://synoptic-dev--condescending-darwin-5b410d.netlify.app/__cypress/runner/cypress_runner.js:16781:10)\n    at ../../node_modules/bluebird/js/release/promise.js/</module.exports/Promise.prototype._settlePromises (https://synoptic-dev--condescending-darwin-5b410d.netlify.app/__cypress/runner/cypress_runner.js:16861:18)\n    at _drainQueueStep (https://synoptic-dev--condescending-darwin-5b410d.netlify.app/__cypress/runner/cypress_runner.js:13451:12)\n    at _drainQueue (https://synoptic-dev--condescending-darwin-5b410d.netlify.app/__cypress/runner/cypress_runner.js:13444:24)\n    at ../../node_modules/bluebird/js/release/async.js/</Async.prototype._drainQueues (https://synoptic-dev--condescending-darwin-5b410d.netlify.app/__cypress/runner/cypress_runner.js:13460:16)\n    at ../../node_modules/bluebird/js/release/async.js/</Async/this.drainQueues (https://synoptic-dev--condescending-darwin-5b410d.netlify.app/__cypress/runner/cypress_runner.js:13330:14)",
                "diff": null
              },
              "uuid": "95dbab1b-a2fd-4c94-a39b-6c910e4b670b",
              "parentUUID": "3c7af60d-4095-4068-b025-d1de9f44cc54",
              "isHook": false,
              "skipped": false
            },
            {
              "title": "Synoptic run in english mode",
              "fullTitle": "toolTests live desktop Synoptic run in english mode",
              "timedOut": null,
              "duration": 0,
              "state": "skipped",
              "speed": null,
              "pass": false,
              "fail": false,
              "pending": false,
              "context": null,
              "code": "cy.synopticRun({\n  language: 'English',\n  files: ['חוליןDaf2b_2.docx', 'חוליןDaf2b_3.docx']\n});\ncy.enterEmail();\ncy.downloadEmailResultsFile({\n  vertical: 'var'\n}).then(filename => {\n  cy.readExcelFile(filename).then(list => {\n    cy.wrap(list[0][0]).should('contain', 'חוליןDaf2b_2');\n    cy.wrap(list[0][1]).should('contain', 'חוליןDaf2b_3');\n  });\n});",
              "err": {},
              "uuid": "22b0dcf5-8aca-4655-8e8c-379432d62cb8",
              "parentUUID": "3c7af60d-4095-4068-b025-d1de9f44cc54",
              "isHook": false,
              "skipped": true
            },
            {
              "title": "Synoptic run of word file and txt file",
              "fullTitle": "toolTests live desktop Synoptic run of word file and txt file",
              "timedOut": null,
              "duration": 0,
              "state": "skipped",
              "speed": null,
              "pass": false,
              "fail": false,
              "pending": false,
              "context": null,
              "code": "cy.synopticRun({\n  language: 'English',\n  files: ['חוליןDaf2b_1.docx', 'חוליןDaf2b_3.txt']\n});\ncy.enterEmail();\ncy.downloadEmailResultsFile({\n  vertical: 'var'\n}).then(filename => {\n  cy.readExcelFile(filename).then(list => {\n    cy.wrap(list[0][0]).should('contain', 'חוליןDaf2b_');\n    cy.wrap(list[0][1]).should('contain', 'חוליןDaf2b_3');\n  });\n});",
              "err": {},
              "uuid": "ed17545a-af84-4c01-983b-29788e6bc893",
              "parentUUID": "3c7af60d-4095-4068-b025-d1de9f44cc54",
              "isHook": false,
              "skipped": true
            },
            {
              "title": "Not sufficiently similar message in english",
              "fullTitle": "toolTests live desktop Not sufficiently similar message in english",
              "timedOut": null,
              "duration": 0,
              "state": "skipped",
              "speed": null,
              "pass": false,
              "fail": false,
              "pending": false,
              "context": null,
              "code": "cy.synopticRun({\n  language: 'English',\n  files: ['כתובות.txt', 'חולין.txt']\n});\ncy.enterEmail();\ncy.get('.error-message').invoke('text').then(text => {\n  cy.wrap(text).should('contain', 'Error received');\n  cy.wrap(text).should('contain', 'כתובות.txt');\n  cy.wrap(text).should('contain', '[This means the data in the version');\n  cy.wrap(text).should('contain', 'listed above is not sufficiently similar to the other');\n  cy.wrap(text).should('contain', 'to perform a synopsis.]');\n});",
              "err": {},
              "uuid": "a952c6e9-d46e-4397-bd7c-1878e9a8dc3c",
              "parentUUID": "3c7af60d-4095-4068-b025-d1de9f44cc54",
              "isHook": false,
              "skipped": true
            },
            {
              "title": "Not sufficiently similar message in hebrew",
              "fullTitle": "toolTests live desktop Not sufficiently similar message in hebrew",
              "timedOut": null,
              "duration": 0,
              "state": "skipped",
              "speed": null,
              "pass": false,
              "fail": false,
              "pending": false,
              "context": null,
              "code": "cy.synopticRun({\n  language: 'Hebrew',\n  files: ['כתובות.txt', 'חולין.txt']\n});\ncy.enterEmail();\ncy.get('.error-message').invoke('text').then(text => {\n  cy.wrap(text).should('contain', 'התקבלה הודעת שגיאה');\n  cy.wrap(text).should('contain', 'כתובות.txt');\n  cy.wrap(text).should('contain', '[הקבצים ברשימה הנזכרת אינם דומים מספיק לקבצים האחרים');\n  cy.wrap(text).should('contain', 'שנכללים בהשוואת הגרסאות.]');\n  cy.wrap(text).should('contain', 'אפשר למחוק את הקבצים החריגים או לאפשר להם להיכלל');\n  cy.wrap(text).should('contain', 'בהשוואת הגרסאות.');\n});",
              "err": {},
              "uuid": "3040fc2b-5673-40e8-a34e-65927000aa7f",
              "parentUUID": "3c7af60d-4095-4068-b025-d1de9f44cc54",
              "isHook": false,
              "skipped": true
            },
            {
              "title": "Synoptic run with large file in english mode",
              "fullTitle": "toolTests live desktop Synoptic run with large file in english mode",
              "timedOut": null,
              "duration": 0,
              "state": "skipped",
              "speed": null,
              "pass": false,
              "fail": false,
              "pending": false,
              "context": null,
              "code": "cy.synopticRun({\n  language: 'English',\n  files: ['כתובות.txt', 'כתובות1.txt']\n});\ncy.enterEmail();\ncy.get('.px-5').should('contain', 'The synopsis results will be sent via email');",
              "err": {},
              "uuid": "9c84ccda-3a47-4abf-a250-7a1db39157cc",
              "parentUUID": "3c7af60d-4095-4068-b025-d1de9f44cc54",
              "isHook": false,
              "skipped": true
            },
            {
              "title": "Synoptic run with large file in english mode",
              "fullTitle": "toolTests live desktop Synoptic run with large file in english mode",
              "timedOut": null,
              "duration": 0,
              "state": "skipped",
              "speed": null,
              "pass": false,
              "fail": false,
              "pending": false,
              "context": null,
              "code": "cy.synopticRun({\n  language: 'Hebrew',\n  files: ['כתובות.txt', 'כתובות1.txt']\n});\ncy.enterEmail();\ncy.get('.px-5').should('contain', 'קובץ התוצאות של השוואת הגרסאות ישלח לדוא״ל');",
              "err": {},
              "uuid": "01e8e80f-fee6-4e36-8e16-f236c3d3c2c7",
              "parentUUID": "3c7af60d-4095-4068-b025-d1de9f44cc54",
              "isHook": false,
              "skipped": true
            },
            {
              "title": "Go Back button befor results page",
              "fullTitle": "toolTests live desktop Go Back button befor results page",
              "timedOut": null,
              "duration": 0,
              "state": "skipped",
              "speed": null,
              "pass": false,
              "fail": false,
              "pending": false,
              "context": null,
              "code": "cy.synopticRun({\n  language: 'English',\n  files: ['חולין.txt', 'כתובות.txt']\n});\ncy.enterEmail();\ncy.get('button').contains('Upload new files').click({\n  force: true\n});\ncy.get('.file-upload > .col-sm-9').should('be.visible');",
              "err": {},
              "uuid": "59d1e446-352f-4439-9825-e25787070212",
              "parentUUID": "3c7af60d-4095-4068-b025-d1de9f44cc54",
              "isHook": false,
              "skipped": true
            },
            {
              "title": "Go Back button befor results page",
              "fullTitle": "toolTests live desktop Go Back button befor results page",
              "timedOut": null,
              "duration": 0,
              "state": "skipped",
              "speed": null,
              "pass": false,
              "fail": false,
              "pending": false,
              "context": null,
              "code": "cy.synopticRun({\n  language: 'Hebrew',\n  files: ['חולין.txt', 'כתובות.txt']\n});\ncy.enterEmail();\ncy.get('button').contains('חזרה למסך הראשי').click({\n  force: true\n});\ncy.get('.file-upload > .col-sm-9').should('be.visible');",
              "err": {},
              "uuid": "94c9ea02-0eba-4116-8d3f-f545d32721d5",
              "parentUUID": "3c7af60d-4095-4068-b025-d1de9f44cc54",
              "isHook": false,
              "skipped": true
            },
            {
              "title": "All rows in table are correct(2 txt files)",
              "fullTitle": "toolTests live desktop All rows in table are correct(2 txt files)",
              "timedOut": null,
              "duration": 0,
              "state": "skipped",
              "speed": null,
              "pass": false,
              "fail": false,
              "pending": false,
              "context": null,
              "code": "cy.readExcelFile(Cypress.env('var')).then(list => {\n  cy.wrap(list[0][0]).should('contain', 'חוליןDaf2b_1');\n  cy.wrap(list[0][1]).should('contain', 'חוליןDaf2b_2');\n  cy.testAllRows(list.slice(1));\n});",
              "err": {},
              "uuid": "2935f696-623d-4b3f-affb-506d203b9a9e",
              "parentUUID": "3c7af60d-4095-4068-b025-d1de9f44cc54",
              "isHook": false,
              "skipped": true
            },
            {
              "title": "All rows in table are correct(3 txt files)",
              "fullTitle": "toolTests live desktop All rows in table are correct(3 txt files)",
              "timedOut": null,
              "duration": 0,
              "state": "skipped",
              "speed": null,
              "pass": false,
              "fail": false,
              "pending": false,
              "context": null,
              "code": "cy.synopticRun({\n  language: 'Hebrew',\n  files: ['חוליןDaf2b_1.txt', 'חוליןDaf2b_2.txt', 'חוליןDaf2b_3.txt']\n});\ncy.enterEmail();\ncy.downloadEmailResultsFile({\n  vertical: 'var'\n}).then(filename => {\n  cy.readExcelFile(filename).then(list => {\n    cy.wrap(list[0][0]).should('contain', 'חוליןDaf2b_1');\n    cy.wrap(list[0][1]).should('contain', 'חוליןDaf2b_2');\n    cy.wrap(list[0][2]).should('contain', 'חוליןDaf2b_3');\n    cy.testAllRows(list.slice(1));\n  });\n});",
              "err": {},
              "uuid": "07194090-85a4-4f99-aae6-0e616ab4ca6d",
              "parentUUID": "3c7af60d-4095-4068-b025-d1de9f44cc54",
              "isHook": false,
              "skipped": true
            },
            {
              "title": "Errer message in hebrew for file with only english text",
              "fullTitle": "toolTests live desktop Errer message in hebrew for file with only english text",
              "timedOut": null,
              "duration": 0,
              "state": "skipped",
              "speed": null,
              "pass": false,
              "fail": false,
              "pending": false,
              "context": null,
              "code": "cy.synopticRun({\n  language: 'Hebrew',\n  files: ['חוליןDaf2b_1.txt', 'חוליןDaf2b_2.txt', 'englishText.txt']\n});\ncy.enterEmail();\ncy.get('.pt-4').should('contain', 'התקבלה הודעת שגיאה');\ncy.get('.px-5').should('contain', '\"englishText.txt\"');",
              "err": {},
              "uuid": "f3509b27-8019-4a1f-82c6-975757dcb05f",
              "parentUUID": "3c7af60d-4095-4068-b025-d1de9f44cc54",
              "isHook": false,
              "skipped": true
            },
            {
              "title": "Errer message in english for file with only english text",
              "fullTitle": "toolTests live desktop Errer message in english for file with only english text",
              "timedOut": null,
              "duration": 0,
              "state": "skipped",
              "speed": null,
              "pass": false,
              "fail": false,
              "pending": false,
              "context": null,
              "code": "cy.synopticRun({\n  language: 'English',\n  files: ['חוליןDaf2b_1.txt', 'חוליןDaf2b_2.txt', 'englishText.txt']\n});\ncy.enterEmail();\ncy.get('.pt-4').should('contain', 'Error receive');\ncy.get('.px-5').should('contain', '\"englishText.txt\"');",
              "err": {},
              "uuid": "59fdfc2d-bd35-473c-8610-9024aadc0d02",
              "parentUUID": "3c7af60d-4095-4068-b025-d1de9f44cc54",
              "isHook": false,
              "skipped": true
            },
            {
              "title": "File with only english text was deleted from list of uploads",
              "fullTitle": "toolTests live desktop File with only english text was deleted from list of uploads",
              "timedOut": null,
              "duration": 0,
              "state": "skipped",
              "speed": null,
              "pass": false,
              "fail": false,
              "pending": false,
              "context": null,
              "code": "cy.synopticRun({\n  language: 'Hebrew',\n  files: ['חוליןDaf2b_1.txt', 'חוליןDaf2b_2.txt', 'englishText.txt']\n});\ncy.enterEmail();\ncy.get('button').contains('חזרה למסך הראשי').click({\n  force: true\n});\ncy.get('.uppy-Dashboard-Item-actionWrapper').children().next().eq(2).click({\n  force: true\n});\ncy.get('.file-upload > .col-sm-3 > .settings > #apply-synopsis').click({\n  force: true\n});\nconst success_message = ['The files were successfully uploaded', 'הקבצים הועלו בהצלחה'];\nconst regex = new RegExp(`${success_message.join('|')}`, 'g');\ncy.get('.env-wrapper > .mt-1', {\n  timeout: 60000\n}).contains(regex, {\n  timeout: 60000\n}).should('exist');\ncy.get('#input-email-upload').type('lomibluth@gmail.com');\ncy.get('#email-form > .btn').click({\n  force: true\n});\ncy.get('.px-5').should('contain', 'קובץ התוצאות של השוואת הגרסאות ישלח לדוא״ל');",
              "err": {},
              "uuid": "2ef9794d-2689-4ddf-ab0c-0c189550f814",
              "parentUUID": "3c7af60d-4095-4068-b025-d1de9f44cc54",
              "isHook": false,
              "skipped": true
            },
            {
              "title": "Remove file with test different text and retry",
              "fullTitle": "toolTests live desktop Remove file with test different text and retry",
              "timedOut": null,
              "duration": 0,
              "state": "skipped",
              "speed": null,
              "pass": false,
              "fail": false,
              "pending": false,
              "context": null,
              "code": "cy.synopticRun({\n  language: 'Hebrew',\n  files: ['חוליןDaf2b_1.txt', 'חוליןDaf2b_2.txt', 'חוליןDaf3b_1.txt']\n});\ncy.enterEmail();\ncy.get('.outlier-btns > .mx-2').click({\n  force: true\n});\ncy.get('.px-5').should('contain', 'קובץ התוצאות של השוואת הגרסאות ישלח לדוא״ל');",
              "err": {},
              "uuid": "a8514d4c-8b7d-4384-9334-c1bfb4f040d0",
              "parentUUID": "3c7af60d-4095-4068-b025-d1de9f44cc54",
              "isHook": false,
              "skipped": true
            },
            {
              "title": "Allow outliers",
              "fullTitle": "toolTests live desktop Allow outliers",
              "timedOut": null,
              "duration": 0,
              "state": "skipped",
              "speed": null,
              "pass": false,
              "fail": false,
              "pending": false,
              "context": null,
              "code": "cy.synopticRun({\n  language: 'Hebrew',\n  files: ['חוליןDaf2b_1.txt', 'חוליןDaf2b_2.txt', 'חוליןDaf3b_1.txt']\n});\ncy.enterEmail();\ncy.get('.outlier-btns > .btn-primary').click({\n  force: true\n});\ncy.get('.px-5').should('contain', 'קובץ התוצאות של השוואת הגרסאות ישלח לדוא״ל');",
              "err": {},
              "uuid": "0e5fd9fd-91e9-4d2d-bc06-c100e2a66a2a",
              "parentUUID": "3c7af60d-4095-4068-b025-d1de9f44cc54",
              "isHook": false,
              "skipped": true
            },
            {
              "title": "All Column in horizontal txt file are correct",
              "fullTitle": "toolTests live desktop All Column in horizontal txt file are correct",
              "timedOut": null,
              "duration": 0,
              "state": "skipped",
              "speed": null,
              "pass": false,
              "fail": false,
              "pending": false,
              "context": null,
              "code": "cy.readExcelFile(Cypress.env('horiz'))\n// returns an array of lines read from Excel file\n.then(list => {\n  if (urlKey == 'dev') {\n    cy.wrap(list[1].length).should('eq', 239);\n  } else if (urlKey == 'live') {\n    cy.wrap(list[1].length).should('eq', 239);\n  }\n  cy.testHorizontalMatrix(list);\n});",
              "err": {},
              "uuid": "978e7ef0-b6c5-47fa-8ec4-643bded69782",
              "parentUUID": "3c7af60d-4095-4068-b025-d1de9f44cc54",
              "isHook": false,
              "skipped": true
            },
            {
              "title": "All rows in vertical word file are correct",
              "fullTitle": "toolTests live desktop All rows in vertical word file are correct",
              "timedOut": null,
              "duration": 0,
              "state": "skipped",
              "speed": null,
              "pass": false,
              "fail": false,
              "pending": false,
              "context": null,
              "code": "cy.readExcelFile(Cypress.env('var'))\n// returns an array of lines read from Excel file\n.then(list => {\n  if (urlKey == 'dev') {\n    cy.wrap(list.length).should('eq', 239);\n  } else if (urlKey == 'live') {\n    cy.wrap(list.length).should('eq', 239);\n  }\n  cy.testVerticalMatrix(list);\n});",
              "err": {},
              "uuid": "64c185cc-2543-4459-976e-c2dbc57ceaff",
              "parentUUID": "3c7af60d-4095-4068-b025-d1de9f44cc54",
              "isHook": false,
              "skipped": true
            },
            {
              "title": "run snake",
              "fullTitle": "toolTests live desktop run snake",
              "timedOut": null,
              "duration": 0,
              "state": "skipped",
              "speed": null,
              "pass": false,
              "fail": false,
              "pending": false,
              "context": null,
              "code": "cy.runSnake({\n  file: '64c7cb70-7ec9-4ac9-ba3a-d784e92db10b-horiz.xlsx',\n  numColumnsPerRow: undefined,\n  blankRows: undefined,\n  includeSynopsisSnakeFile: true,\n  Language: 'Hebrew'\n}).then(() => {\n  cy.getSnakeMatrix().then(matrix => {\n    cy.wrap(matrix).should('not.be.null');\n  });\n});",
              "err": {},
              "uuid": "cdbfca5b-3cd6-481a-9d2a-1aac55730bfd",
              "parentUUID": "3c7af60d-4095-4068-b025-d1de9f44cc54",
              "isHook": false,
              "skipped": true
            },
            {
              "title": "1 columns per row test",
              "fullTitle": "toolTests live desktop 1 columns per row test",
              "timedOut": null,
              "duration": 0,
              "state": "skipped",
              "speed": null,
              "pass": false,
              "fail": false,
              "pending": false,
              "context": null,
              "code": "cy.removeDownloadsFiles();\nlet columnsPerRow = 1;\ncy.runSnake({\n  file: '64c7cb70-7ec9-4ac9-ba3a-d784e92db10b-horiz.xlsx',\n  numColumnsPerRow: undefined,\n  blankRows: undefined,\n  numColumnsPerRow: columnsPerRow,\n  Language: 'Hebrew'\n}).then(() => {\n  cy.getSnakeMatrix().then(matrix => {\n    cy.testNumColumnsPerRow(matrix, columnsPerRow);\n  });\n});",
              "err": {},
              "uuid": "5d848519-3262-472e-8cdd-d5519b17c9d6",
              "parentUUID": "3c7af60d-4095-4068-b025-d1de9f44cc54",
              "isHook": false,
              "skipped": true
            },
            {
              "title": "20 columns per row test",
              "fullTitle": "toolTests live desktop 20 columns per row test",
              "timedOut": null,
              "duration": 0,
              "state": "skipped",
              "speed": null,
              "pass": false,
              "fail": false,
              "pending": false,
              "context": null,
              "code": "let columnsPerRow = 20;\ncy.removeDownloadsFiles();\ncy.runSnake({\n  file: '64c7cb70-7ec9-4ac9-ba3a-d784e92db10b-horiz.xlsx',\n  numColumnsPerRow: undefined,\n  blankRows: undefined,\n  numColumnsPerRow: columnsPerRow,\n  Language: 'Hebrew'\n}).then(() => {\n  cy.getSnakeMatrix().then(matrix => {\n    cy.testNumColumnsPerRow(matrix, columnsPerRow);\n  });\n});",
              "err": {},
              "uuid": "036f49dc-0e64-474b-a2be-1d99503ab281",
              "parentUUID": "3c7af60d-4095-4068-b025-d1de9f44cc54",
              "isHook": false,
              "skipped": true
            },
            {
              "title": "1 blank rows with Synopsis",
              "fullTitle": "toolTests live desktop 1 blank rows with Synopsis",
              "timedOut": null,
              "duration": 0,
              "state": "skipped",
              "speed": null,
              "pass": false,
              "fail": false,
              "pending": false,
              "context": null,
              "code": "let blankRows = 1,\n  numOfFiles = 2;\nlet includeSynopsisSnakeFile = true;\ncy.removeDownloadsFiles();\n// cy.removeFixturesXLSXFiles()\ncy.runSnake({\n  file: '64c7cb70-7ec9-4ac9-ba3a-d784e92db10b-horiz.xlsx',\n  numColumnsPerRow: undefined,\n  blankRows: blankRows,\n  includeSynopsisSnakeFile: undefined,\n  Language: 'Hebrew'\n}).then(() => {\n  cy.getSnakeMatrix().then(matrix => {\n    if (urlKey == 'dev') {\n      cy.wrap(matrix.length).should('eq', 95);\n    } else if (urlKey == 'live') {\n      cy.wrap(matrix.length).should('eq', 95);\n    }\n    cy.testBlankRows({\n      matrix: matrix,\n      blankRows: blankRows,\n      numOfFiles: numOfFiles,\n      includeSynopsis: includeSynopsisSnakeFile\n    });\n  });\n});",
              "err": {},
              "uuid": "0fef59ad-ebe8-4084-bbbe-07eefb8dd69f",
              "parentUUID": "3c7af60d-4095-4068-b025-d1de9f44cc54",
              "isHook": false,
              "skipped": true
            },
            {
              "title": "5 blank rows with Synopsis",
              "fullTitle": "toolTests live desktop 5 blank rows with Synopsis",
              "timedOut": null,
              "duration": 0,
              "state": "skipped",
              "speed": null,
              "pass": false,
              "fail": false,
              "pending": false,
              "context": null,
              "code": "let blankRows = 5,\n  numOfFiles = 2;\nlet includeSynopsisSnakeFile = true;\ncy.removeDownloadsFiles();\ncy.runSnake({\n  file: '64c7cb70-7ec9-4ac9-ba3a-d784e92db10b-horiz.xlsx',\n  numColumnsPerRow: undefined,\n  blankRows: blankRows,\n  includeSynopsisSnakeFile: undefined,\n  Language: 'Hebrew'\n}).then(() => {\n  cy.getSnakeMatrix().then(matrix => {\n    if (urlKey == 'dev') {\n      cy.wrap(matrix.length).should('eq', 187);\n    } else if (urlKey == 'live') {\n      cy.wrap(matrix.length).should('eq', 187);\n    }\n    cy.testBlankRows({\n      matrix: matrix,\n      blankRows: blankRows,\n      numOfFiles: numOfFiles,\n      includeSynopsis: includeSynopsisSnakeFile\n    });\n  });\n});",
              "err": {},
              "uuid": "81fb6850-6db2-47f7-b86f-f359bc6ee585",
              "parentUUID": "3c7af60d-4095-4068-b025-d1de9f44cc54",
              "isHook": false,
              "skipped": true
            },
            {
              "title": "1 blank rows without Synopsis",
              "fullTitle": "toolTests live desktop 1 blank rows without Synopsis",
              "timedOut": null,
              "duration": 0,
              "state": "skipped",
              "speed": null,
              "pass": false,
              "fail": false,
              "pending": false,
              "context": null,
              "code": "let blankRows = 1,\n  numOfFiles = 2;\nlet includeSynopsisSnakeFile = false;\ncy.removeDownloadsFiles();\ncy.runSnake({\n  file: '64c7cb70-7ec9-4ac9-ba3a-d784e92db10b-horiz.xlsx',\n  numColumnsPerRow: undefined,\n  blankRows: blankRows,\n  includeSynopsisSnakeFile: includeSynopsisSnakeFile,\n  Language: 'Hebrew'\n}).then(() => {\n  cy.getSnakeMatrix().then(matrix => {\n    if (urlKey == 'dev') {\n      cy.wrap(matrix.length).should('eq', 71);\n    } else if (urlKey == 'live') {\n      cy.wrap(matrix.length).should('eq', 71);\n    }\n    cy.testBlankRows({\n      matrix: matrix,\n      blankRows: blankRows,\n      numOfFiles: numOfFiles,\n      includeSynopsis: includeSynopsisSnakeFile\n    });\n  });\n});",
              "err": {},
              "uuid": "c534fce3-7eeb-4b13-ba92-2e045a171557",
              "parentUUID": "3c7af60d-4095-4068-b025-d1de9f44cc54",
              "isHook": false,
              "skipped": true
            },
            {
              "title": "5 blank rows without Synopsis",
              "fullTitle": "toolTests live desktop 5 blank rows without Synopsis",
              "timedOut": null,
              "duration": 0,
              "state": "skipped",
              "speed": null,
              "pass": false,
              "fail": false,
              "pending": false,
              "context": null,
              "code": "let blankRows = 5,\n  numOfFiles = 2;\nlet includeSynopsisSnakeFile = false;\ncy.removeDownloadsFiles();\ncy.runSnake({\n  file: '64c7cb70-7ec9-4ac9-ba3a-d784e92db10b-horiz.xlsx',\n  numColumnsPerRow: undefined,\n  blankRows: blankRows,\n  includeSynopsisSnakeFile: includeSynopsisSnakeFile,\n  Language: 'Hebrew'\n}).then(() => {\n  cy.getSnakeMatrix().then(matrix => {\n    if (urlKey == 'dev') {\n      cy.wrap(matrix.length).should('eq', 163);\n    } else if (urlKey == 'live') {\n      cy.wrap(matrix.length).should('eq', 163);\n    }\n    cy.testBlankRows({\n      matrix: matrix,\n      blankRows: blankRows,\n      numOfFiles: numOfFiles,\n      includeSynopsis: includeSynopsisSnakeFile\n    });\n  });\n});",
              "err": {},
              "uuid": "e7493b85-dd48-4bae-a42f-823be142e823",
              "parentUUID": "3c7af60d-4095-4068-b025-d1de9f44cc54",
              "isHook": false,
              "skipped": true
            },
            {
              "title": "Snake has the same data as synoptic",
              "fullTitle": "toolTests live desktop Snake has the same data as synoptic",
              "timedOut": null,
              "duration": 0,
              "state": "skipped",
              "speed": null,
              "pass": false,
              "fail": false,
              "pending": false,
              "context": null,
              "code": "let fileName;\nlet synopticArr, snakeArr;\ncy.removeDownloadsFiles();\ncy.synopticRun({\n  language: 'Hebrew',\n  files: ['tehilim1mechon-mamre.txt', 'tehilim1chabad.txt']\n});\ncy.enterEmail();\ncy.downloadEmailResultsFile({\n  vertical: 'horiz'\n}).then(() => {\n  cy.fileName().then(name => {\n    fileName = name;\n  });\n}).then(() => {\n  cy.readExcelFile(fileName)\n  // returns an array of lines read from Excel file\n  .then(list => {\n    synopticArr = list;\n  }).then(() => {\n    cy.moveFileDownloadsTofixtures(fileName).then(() => {\n      cy.setLanguageMode({\n        language: 'Hebrew'\n      });\n      cy.runSnake({\n        file: fileName,\n        numColumnsPerRow: undefined,\n        blankRows: undefined,\n        includeSynopsisSnakeFile: true\n      });\n    }).then(() => {\n      cy.getSnakeMatrix().then(matrix => {\n        snakeArr = matrix;\n      });\n    }).then(() => {\n      cy.snakeHasSameData({\n        synopticArr: synopticArr,\n        snakeArr: snakeArr,\n        blankRows: 2,\n        columnsPerRow: 10,\n        numBooks: 2,\n        synopsis: true\n      });\n    });\n  });\n});",
              "err": {},
              "uuid": "d58d4244-044d-4494-9b41-735fbc539593",
              "parentUUID": "3c7af60d-4095-4068-b025-d1de9f44cc54",
              "isHook": false,
              "skipped": true
            }
          ],
          "suites": [],
          "passes": [],
          "failures": [
            "95dbab1b-a2fd-4c94-a39b-6c910e4b670b"
          ],
          "pending": [],
          "skipped": [
            "22b0dcf5-8aca-4655-8e8c-379432d62cb8",
            "ed17545a-af84-4c01-983b-29788e6bc893",
            "a952c6e9-d46e-4397-bd7c-1878e9a8dc3c",
            "3040fc2b-5673-40e8-a34e-65927000aa7f",
            "9c84ccda-3a47-4abf-a250-7a1db39157cc",
            "01e8e80f-fee6-4e36-8e16-f236c3d3c2c7",
            "59d1e446-352f-4439-9825-e25787070212",
            "94c9ea02-0eba-4116-8d3f-f545d32721d5",
            "2935f696-623d-4b3f-affb-506d203b9a9e",
            "07194090-85a4-4f99-aae6-0e616ab4ca6d",
            "f3509b27-8019-4a1f-82c6-975757dcb05f",
            "59fdfc2d-bd35-473c-8610-9024aadc0d02",
            "2ef9794d-2689-4ddf-ab0c-0c189550f814",
            "a8514d4c-8b7d-4384-9334-c1bfb4f040d0",
            "0e5fd9fd-91e9-4d2d-bc06-c100e2a66a2a",
            "978e7ef0-b6c5-47fa-8ec4-643bded69782",
            "64c185cc-2543-4459-976e-c2dbc57ceaff",
            "cdbfca5b-3cd6-481a-9d2a-1aac55730bfd",
            "5d848519-3262-472e-8cdd-d5519b17c9d6",
            "036f49dc-0e64-474b-a2be-1d99503ab281",
            "0fef59ad-ebe8-4084-bbbe-07eefb8dd69f",
            "81fb6850-6db2-47f7-b86f-f359bc6ee585",
            "c534fce3-7eeb-4b13-ba92-2e045a171557",
            "e7493b85-dd48-4bae-a42f-823be142e823",
            "d58d4244-044d-4494-9b41-735fbc539593"
          ],
          "duration": 4368,
          "root": false,
          "rootEmpty": false,
          "_timeout": 2000
        },
        {
          "uuid": "2e3626f7-501c-47ed-b06a-055e0c5fdbb8",
          "title": "toolTests dev desktop",
          "fullFile": "",
          "file": "",
          "beforeHooks": [],
          "afterHooks": [],
          "tests": [
            {
              "title": "Synoptic run in hebrew mode",
              "fullTitle": "toolTests dev desktop Synoptic run in hebrew mode",
              "timedOut": null,
              "duration": 528,
              "state": "failed",
              "speed": null,
              "pass": false,
              "fail": true,
              "pending": false,
              "context": "\"videos/toolTests.js.mp4\"",
              "code": "cy.removeDownloadsFiles();\ncy.synopticRun({\n  language: 'Hebrew',\n  files: ['חוליןDaf2b_1.txt', 'חוליןDaf2b_2.txt']\n});\ncy.enterEmail();\ncy.synopticRun({\n  language: 'Hebrew',\n  files: ['חוליןDaf2b_1.txt', 'חוליןDaf2b_2.txt']\n});\ncy.enterEmail();\ncy.downloadEmailResultsFile({\n  vertical: 'var'\n}).then(filename => {\n  Cypress.env('var', filename);\n  cy.readExcelFile(filename).then(list => {\n    cy.wrap(list[0][0]).should('contain', 'חוליןDaf2b_1');\n    cy.wrap(list[0][1]).should('contain', 'חוליןDaf2b_2');\n  });\n});\ncy.downloadEmailResultsFile({\n  vertical: 'horiz'\n}).then(horizfile => {\n  Cypress.env('horiz', horizfile);\n});",
              "err": {
                "message": "CypressError: Action not permitted. Message: `Your current free account CreateInbox feature limit MONTHLY_COUNT has been exceeded. Upgrade your account to increase usage and abilities. Current value = >= 50. Plan limit = 50`. Please upgrade your account. View your account dashboard at https://app.mailslurp.com/login/. For more usage see pricing page . For more help contact support on contact@mailslurp.dev\n\nBecause this error occurred during a `before all` hook we are skipping the remaining tests in the current suite: `toolTests dev desktop`",
                "estack": "[object Object]\nFrom Your Spec Code:\n    at ./cypress/e2e/toolTests.js/</</ (webpack:///./cypress/e2e/toolTests.js:32:19)\n    at ../driver/src/cypress/cy.ts/setRunnable/runnable.fn (https://synoptic-dev--condescending-darwin-5b410d.netlify.app/__cypress/runner/cypress_runner.js:161114:43)\n    at callFn (https://synoptic-dev--condescending-darwin-5b410d.netlify.app/__cypress/runner/cypress_runner.js:114440:21)\n    at ../driver/src/cypress/runner.ts/create/onRunnableRun (https://synoptic-dev--condescending-darwin-5b410d.netlify.app/__cypress/runner/cypress_runner.js:168103:30)\n    at finallyHandler (https://synoptic-dev--condescending-darwin-5b410d.netlify.app/__cypress/runner/cypress_runner.js:15298:23)\n    at tryCatcher (https://synoptic-dev--condescending-darwin-5b410d.netlify.app/__cypress/runner/cypress_runner.js:18744:23)\n    at ../../node_modules/bluebird/js/release/promise.js/</module.exports/Promise.prototype._settlePromiseFromHandler (https://synoptic-dev--condescending-darwin-5b410d.netlify.app/__cypress/runner/cypress_runner.js:16679:31)\n    at ../../node_modules/bluebird/js/release/promise.js/</module.exports/Promise.prototype._settlePromise (https://synoptic-dev--condescending-darwin-5b410d.netlify.app/__cypress/runner/cypress_runner.js:16736:18)\n    at ../../node_modules/bluebird/js/release/promise.js/</module.exports/Promise.prototype._settlePromise0 (https://synoptic-dev--condescending-darwin-5b410d.netlify.app/__cypress/runner/cypress_runner.js:16781:10)\n    at ../../node_modules/bluebird/js/release/promise.js/</module.exports/Promise.prototype._settlePromises (https://synoptic-dev--condescending-darwin-5b410d.netlify.app/__cypress/runner/cypress_runner.js:16861:18)\n    at ../../node_modules/bluebird/js/release/promise.js/</module.exports/Promise.prototype._fulfill (https://synoptic-dev--condescending-darwin-5b410d.netlify.app/__cypress/runner/cypress_runner.js:16805:18)\n    at ../../node_modules/bluebird/js/release/promise.js/</module.exports/Promise.prototype._settlePromise (https://synoptic-dev--condescending-darwin-5b410d.netlify.app/__cypress/runner/cypress_runner.js:16749:21)\n    at ../../node_modules/bluebird/js/release/promise.js/</module.exports/Promise.prototype._settlePromise0 (https://synoptic-dev--condescending-darwin-5b410d.netlify.app/__cypress/runner/cypress_runner.js:16781:10)\n    at ../../node_modules/bluebird/js/release/promise.js/</module.exports/Promise.prototype._settlePromises (https://synoptic-dev--condescending-darwin-5b410d.netlify.app/__cypress/runner/cypress_runner.js:16861:18)\n    at ../../node_modules/bluebird/js/release/promise.js/</module.exports/Promise.prototype._fulfill (https://synoptic-dev--condescending-darwin-5b410d.netlify.app/__cypress/runner/cypress_runner.js:16805:18)\n    at ../../node_modules/bluebird/js/release/promise.js/</module.exports/Promise.prototype._resolveCallback (https://synoptic-dev--condescending-darwin-5b410d.netlify.app/__cypress/runner/cypress_runner.js:16599:57)\n    at ../../node_modules/bluebird/js/release/promise.js/</module.exports/Promise.prototype._settlePromiseFromHandler (https://synoptic-dev--condescending-darwin-5b410d.netlify.app/__cypress/runner/cypress_runner.js:16691:17)\n    at ../../node_modules/bluebird/js/release/promise.js/</module.exports/Promise.prototype._settlePromise (https://synoptic-dev--condescending-darwin-5b410d.netlify.app/__cypress/runner/cypress_runner.js:16736:18)\n    at ../../node_modules/bluebird/js/release/promise.js/</module.exports/Promise.prototype._settlePromise0 (https://synoptic-dev--condescending-darwin-5b410d.netlify.app/__cypress/runner/cypress_runner.js:16781:10)\n    at ../../node_modules/bluebird/js/release/promise.js/</module.exports/Promise.prototype._settlePromises (https://synoptic-dev--condescending-darwin-5b410d.netlify.app/__cypress/runner/cypress_runner.js:16861:18)\n    at ../../node_modules/bluebird/js/release/promise.js/</module.exports/Promise.prototype._fulfill (https://synoptic-dev--condescending-darwin-5b410d.netlify.app/__cypress/runner/cypress_runner.js:16805:18)\n    at ../../node_modules/bluebird/js/release/promise_array.js/module.exports/PromiseArray.prototype._resolve (https://synoptic-dev--condescending-darwin-5b410d.netlify.app/__cypress/runner/cypress_runner.js:17078:19)\n    at ../../node_modules/bluebird/js/release/promise_array.js/module.exports/PromiseArray.prototype._promiseFulfilled (https://synoptic-dev--condescending-darwin-5b410d.netlify.app/__cypress/runner/cypress_runner.js:17096:14)\n    at ../../node_modules/bluebird/js/release/promise_array.js/module.exports/PromiseArray.prototype._iterate (https://synoptic-dev--condescending-darwin-5b410d.netlify.app/__cypress/runner/cypress_runner.js:17066:31)\n    at init (https://synoptic-dev--condescending-darwin-5b410d.netlify.app/__cypress/runner/cypress_runner.js:17030:10)\n    at ../../node_modules/bluebird/js/release/promise.js/</module.exports/Promise.prototype._settlePromise (https://synoptic-dev--condescending-darwin-5b410d.netlify.app/__cypress/runner/cypress_runner.js:16733:21)\n    at ../../node_modules/bluebird/js/release/promise.js/</module.exports/Promise.prototype._settlePromise0 (https://synoptic-dev--condescending-darwin-5b410d.netlify.app/__cypress/runner/cypress_runner.js:16781:10)\n    at ../../node_modules/bluebird/js/release/promise.js/</module.exports/Promise.prototype._settlePromises (https://synoptic-dev--condescending-darwin-5b410d.netlify.app/__cypress/runner/cypress_runner.js:16861:18)\n    at ../../node_modules/bluebird/js/release/promise.js/</module.exports/Promise.prototype._fulfill (https://synoptic-dev--condescending-darwin-5b410d.netlify.app/__cypress/runner/cypress_runner.js:16805:18)\n    at ../../node_modules/bluebird/js/release/promise_array.js/module.exports/PromiseArray.prototype._resolve (https://synoptic-dev--condescending-darwin-5b410d.netlify.app/__cypress/runner/cypress_runner.js:17078:19)\n    at ../../node_modules/bluebird/js/release/promise_array.js/module.exports/PromiseArray.prototype._promiseFulfilled (https://synoptic-dev--condescending-darwin-5b410d.netlify.app/__cypress/runner/cypress_runner.js:17096:14)\n    at ../../node_modules/bluebird/js/release/promise.js/</module.exports/Promise.prototype._settlePromise (https://synoptic-dev--condescending-darwin-5b410d.netlify.app/__cypress/runner/cypress_runner.js:16741:26)\n    at ../../node_modules/bluebird/js/release/promise.js/</module.exports/Promise.prototype._settlePromise0 (https://synoptic-dev--condescending-darwin-5b410d.netlify.app/__cypress/runner/cypress_runner.js:16781:10)\n    at ../../node_modules/bluebird/js/release/promise.js/</module.exports/Promise.prototype._settlePromises (https://synoptic-dev--condescending-darwin-5b410d.netlify.app/__cypress/runner/cypress_runner.js:16861:18)\n    at ../../node_modules/bluebird/js/release/promise.js/</module.exports/Promise.prototype._fulfill (https://synoptic-dev--condescending-darwin-5b410d.netlify.app/__cypress/runner/cypress_runner.js:16805:18)\n    at ../../node_modules/bluebird/js/release/promise_array.js/module.exports/PromiseArray.prototype._resolve (https://synoptic-dev--condescending-darwin-5b410d.netlify.app/__cypress/runner/cypress_runner.js:17078:19)\n    at ../../node_modules/bluebird/js/release/map.js/module.exports/MappingPromiseArray.prototype._promiseFulfilled (https://synoptic-dev--condescending-darwin-5b410d.netlify.app/__cypress/runner/cypress_runner.js:15904:18)\n    at ../../node_modules/bluebird/js/release/promise.js/</module.exports/Promise.prototype._settlePromise (https://synoptic-dev--condescending-darwin-5b410d.netlify.app/__cypress/runner/cypress_runner.js:16741:26)\n    at ../../node_modules/bluebird/js/release/promise.js/</module.exports/Promise.prototype._settlePromise0 (https://synoptic-dev--condescending-darwin-5b410d.netlify.app/__cypress/runner/cypress_runner.js:16781:10)\n    at ../../node_modules/bluebird/js/release/promise.js/</module.exports/Promise.prototype._settlePromises (https://synoptic-dev--condescending-darwin-5b410d.netlify.app/__cypress/runner/cypress_runner.js:16861:18)\n    at _drainQueueStep (https://synoptic-dev--condescending-darwin-5b410d.netlify.app/__cypress/runner/cypress_runner.js:13451:12)\n    at _drainQueue (https://synoptic-dev--condescending-darwin-5b410d.netlify.app/__cypress/runner/cypress_runner.js:13444:24)\n    at ../../node_modules/bluebird/js/release/async.js/</Async.prototype._drainQueues (https://synoptic-dev--condescending-darwin-5b410d.netlify.app/__cypress/runner/cypress_runner.js:13460:16)\n    at ../../node_modules/bluebird/js/release/async.js/</Async/this.drainQueues (https://synoptic-dev--condescending-darwin-5b410d.netlify.app/__cypress/runner/cypress_runner.js:13330:14)",
                "diff": null
              },
              "uuid": "c1bafaec-33ed-4ac7-9792-057e2beb0c37",
              "parentUUID": "2e3626f7-501c-47ed-b06a-055e0c5fdbb8",
              "isHook": false,
              "skipped": false
            },
            {
              "title": "Synoptic run in english mode",
              "fullTitle": "toolTests dev desktop Synoptic run in english mode",
              "timedOut": null,
              "duration": 0,
              "state": "skipped",
              "speed": null,
              "pass": false,
              "fail": false,
              "pending": false,
              "context": null,
              "code": "cy.synopticRun({\n  language: 'English',\n  files: ['חוליןDaf2b_2.docx', 'חוליןDaf2b_3.docx']\n});\ncy.enterEmail();\ncy.downloadEmailResultsFile({\n  vertical: 'var'\n}).then(filename => {\n  cy.readExcelFile(filename).then(list => {\n    cy.wrap(list[0][0]).should('contain', 'חוליןDaf2b_2');\n    cy.wrap(list[0][1]).should('contain', 'חוליןDaf2b_3');\n  });\n});",
              "err": {},
              "uuid": "ad311322-b067-4cb2-b958-a25257e8183d",
              "parentUUID": "2e3626f7-501c-47ed-b06a-055e0c5fdbb8",
              "isHook": false,
              "skipped": true
            },
            {
              "title": "Synoptic run of word file and txt file",
              "fullTitle": "toolTests dev desktop Synoptic run of word file and txt file",
              "timedOut": null,
              "duration": 0,
              "state": "skipped",
              "speed": null,
              "pass": false,
              "fail": false,
              "pending": false,
              "context": null,
              "code": "cy.synopticRun({\n  language: 'English',\n  files: ['חוליןDaf2b_1.docx', 'חוליןDaf2b_3.txt']\n});\ncy.enterEmail();\ncy.downloadEmailResultsFile({\n  vertical: 'var'\n}).then(filename => {\n  cy.readExcelFile(filename).then(list => {\n    cy.wrap(list[0][0]).should('contain', 'חוליןDaf2b_');\n    cy.wrap(list[0][1]).should('contain', 'חוליןDaf2b_3');\n  });\n});",
              "err": {},
              "uuid": "7082b4ac-9045-4a28-bca1-f0a0163360da",
              "parentUUID": "2e3626f7-501c-47ed-b06a-055e0c5fdbb8",
              "isHook": false,
              "skipped": true
            },
            {
              "title": "Not sufficiently similar message in english",
              "fullTitle": "toolTests dev desktop Not sufficiently similar message in english",
              "timedOut": null,
              "duration": 0,
              "state": "skipped",
              "speed": null,
              "pass": false,
              "fail": false,
              "pending": false,
              "context": null,
              "code": "cy.synopticRun({\n  language: 'English',\n  files: ['כתובות.txt', 'חולין.txt']\n});\ncy.enterEmail();\ncy.get('.error-message').invoke('text').then(text => {\n  cy.wrap(text).should('contain', 'Error received');\n  cy.wrap(text).should('contain', 'כתובות.txt');\n  cy.wrap(text).should('contain', '[This means the data in the version');\n  cy.wrap(text).should('contain', 'listed above is not sufficiently similar to the other');\n  cy.wrap(text).should('contain', 'to perform a synopsis.]');\n});",
              "err": {},
              "uuid": "6e1cc081-bbcd-44ad-9930-57c59e00999a",
              "parentUUID": "2e3626f7-501c-47ed-b06a-055e0c5fdbb8",
              "isHook": false,
              "skipped": true
            },
            {
              "title": "Not sufficiently similar message in hebrew",
              "fullTitle": "toolTests dev desktop Not sufficiently similar message in hebrew",
              "timedOut": null,
              "duration": 0,
              "state": "skipped",
              "speed": null,
              "pass": false,
              "fail": false,
              "pending": false,
              "context": null,
              "code": "cy.synopticRun({\n  language: 'Hebrew',\n  files: ['כתובות.txt', 'חולין.txt']\n});\ncy.enterEmail();\ncy.get('.error-message').invoke('text').then(text => {\n  cy.wrap(text).should('contain', 'התקבלה הודעת שגיאה');\n  cy.wrap(text).should('contain', 'כתובות.txt');\n  cy.wrap(text).should('contain', '[הקבצים ברשימה הנזכרת אינם דומים מספיק לקבצים האחרים');\n  cy.wrap(text).should('contain', 'שנכללים בהשוואת הגרסאות.]');\n  cy.wrap(text).should('contain', 'אפשר למחוק את הקבצים החריגים או לאפשר להם להיכלל');\n  cy.wrap(text).should('contain', 'בהשוואת הגרסאות.');\n});",
              "err": {},
              "uuid": "2d19a705-655f-4174-9239-fe7578ad0363",
              "parentUUID": "2e3626f7-501c-47ed-b06a-055e0c5fdbb8",
              "isHook": false,
              "skipped": true
            },
            {
              "title": "Synoptic run with large file in english mode",
              "fullTitle": "toolTests dev desktop Synoptic run with large file in english mode",
              "timedOut": null,
              "duration": 0,
              "state": "skipped",
              "speed": null,
              "pass": false,
              "fail": false,
              "pending": false,
              "context": null,
              "code": "cy.synopticRun({\n  language: 'English',\n  files: ['כתובות.txt', 'כתובות1.txt']\n});\ncy.enterEmail();\ncy.get('.px-5').should('contain', 'The synopsis results will be sent via email');",
              "err": {},
              "uuid": "9914ffd5-e3f7-43c5-a9ea-9744fe760d4f",
              "parentUUID": "2e3626f7-501c-47ed-b06a-055e0c5fdbb8",
              "isHook": false,
              "skipped": true
            },
            {
              "title": "Synoptic run with large file in english mode",
              "fullTitle": "toolTests dev desktop Synoptic run with large file in english mode",
              "timedOut": null,
              "duration": 0,
              "state": "skipped",
              "speed": null,
              "pass": false,
              "fail": false,
              "pending": false,
              "context": null,
              "code": "cy.synopticRun({\n  language: 'Hebrew',\n  files: ['כתובות.txt', 'כתובות1.txt']\n});\ncy.enterEmail();\ncy.get('.px-5').should('contain', 'קובץ התוצאות של השוואת הגרסאות ישלח לדוא״ל');",
              "err": {},
              "uuid": "467819ec-2d61-47a5-b994-a7c1861d6ec1",
              "parentUUID": "2e3626f7-501c-47ed-b06a-055e0c5fdbb8",
              "isHook": false,
              "skipped": true
            },
            {
              "title": "Go Back button befor results page",
              "fullTitle": "toolTests dev desktop Go Back button befor results page",
              "timedOut": null,
              "duration": 0,
              "state": "skipped",
              "speed": null,
              "pass": false,
              "fail": false,
              "pending": false,
              "context": null,
              "code": "cy.synopticRun({\n  language: 'English',\n  files: ['חולין.txt', 'כתובות.txt']\n});\ncy.enterEmail();\ncy.get('button').contains('Upload new files').click({\n  force: true\n});\ncy.get('.file-upload > .col-sm-9').should('be.visible');",
              "err": {},
              "uuid": "a7a98802-f5a4-40ec-93d8-7cfd953b122b",
              "parentUUID": "2e3626f7-501c-47ed-b06a-055e0c5fdbb8",
              "isHook": false,
              "skipped": true
            },
            {
              "title": "Go Back button befor results page",
              "fullTitle": "toolTests dev desktop Go Back button befor results page",
              "timedOut": null,
              "duration": 0,
              "state": "skipped",
              "speed": null,
              "pass": false,
              "fail": false,
              "pending": false,
              "context": null,
              "code": "cy.synopticRun({\n  language: 'Hebrew',\n  files: ['חולין.txt', 'כתובות.txt']\n});\ncy.enterEmail();\ncy.get('button').contains('חזרה למסך הראשי').click({\n  force: true\n});\ncy.get('.file-upload > .col-sm-9').should('be.visible');",
              "err": {},
              "uuid": "87e4071b-283b-4c23-8d4b-59fa7d10c130",
              "parentUUID": "2e3626f7-501c-47ed-b06a-055e0c5fdbb8",
              "isHook": false,
              "skipped": true
            },
            {
              "title": "All rows in table are correct(2 txt files)",
              "fullTitle": "toolTests dev desktop All rows in table are correct(2 txt files)",
              "timedOut": null,
              "duration": 0,
              "state": "skipped",
              "speed": null,
              "pass": false,
              "fail": false,
              "pending": false,
              "context": null,
              "code": "cy.readExcelFile(Cypress.env('var')).then(list => {\n  cy.wrap(list[0][0]).should('contain', 'חוליןDaf2b_1');\n  cy.wrap(list[0][1]).should('contain', 'חוליןDaf2b_2');\n  cy.testAllRows(list.slice(1));\n});",
              "err": {},
              "uuid": "8c4d86b4-b8fb-4450-928d-3fe9ec0cd5ba",
              "parentUUID": "2e3626f7-501c-47ed-b06a-055e0c5fdbb8",
              "isHook": false,
              "skipped": true
            },
            {
              "title": "All rows in table are correct(3 txt files)",
              "fullTitle": "toolTests dev desktop All rows in table are correct(3 txt files)",
              "timedOut": null,
              "duration": 0,
              "state": "skipped",
              "speed": null,
              "pass": false,
              "fail": false,
              "pending": false,
              "context": null,
              "code": "cy.synopticRun({\n  language: 'Hebrew',\n  files: ['חוליןDaf2b_1.txt', 'חוליןDaf2b_2.txt', 'חוליןDaf2b_3.txt']\n});\ncy.enterEmail();\ncy.downloadEmailResultsFile({\n  vertical: 'var'\n}).then(filename => {\n  cy.readExcelFile(filename).then(list => {\n    cy.wrap(list[0][0]).should('contain', 'חוליןDaf2b_1');\n    cy.wrap(list[0][1]).should('contain', 'חוליןDaf2b_2');\n    cy.wrap(list[0][2]).should('contain', 'חוליןDaf2b_3');\n    cy.testAllRows(list.slice(1));\n  });\n});",
              "err": {},
              "uuid": "490fb50c-479b-4cd0-9ef5-ee89d8237225",
              "parentUUID": "2e3626f7-501c-47ed-b06a-055e0c5fdbb8",
              "isHook": false,
              "skipped": true
            },
            {
              "title": "Errer message in hebrew for file with only english text",
              "fullTitle": "toolTests dev desktop Errer message in hebrew for file with only english text",
              "timedOut": null,
              "duration": 0,
              "state": "skipped",
              "speed": null,
              "pass": false,
              "fail": false,
              "pending": false,
              "context": null,
              "code": "cy.synopticRun({\n  language: 'Hebrew',\n  files: ['חוליןDaf2b_1.txt', 'חוליןDaf2b_2.txt', 'englishText.txt']\n});\ncy.enterEmail();\ncy.get('.pt-4').should('contain', 'התקבלה הודעת שגיאה');\ncy.get('.px-5').should('contain', '\"englishText.txt\"');",
              "err": {},
              "uuid": "5d6093cb-e946-40e0-82ad-affd60c54d23",
              "parentUUID": "2e3626f7-501c-47ed-b06a-055e0c5fdbb8",
              "isHook": false,
              "skipped": true
            },
            {
              "title": "Errer message in english for file with only english text",
              "fullTitle": "toolTests dev desktop Errer message in english for file with only english text",
              "timedOut": null,
              "duration": 0,
              "state": "skipped",
              "speed": null,
              "pass": false,
              "fail": false,
              "pending": false,
              "context": null,
              "code": "cy.synopticRun({\n  language: 'English',\n  files: ['חוליןDaf2b_1.txt', 'חוליןDaf2b_2.txt', 'englishText.txt']\n});\ncy.enterEmail();\ncy.get('.pt-4').should('contain', 'Error receive');\ncy.get('.px-5').should('contain', '\"englishText.txt\"');",
              "err": {},
              "uuid": "90013d6e-aede-4181-8fd0-95a09bb9d258",
              "parentUUID": "2e3626f7-501c-47ed-b06a-055e0c5fdbb8",
              "isHook": false,
              "skipped": true
            },
            {
              "title": "File with only english text was deleted from list of uploads",
              "fullTitle": "toolTests dev desktop File with only english text was deleted from list of uploads",
              "timedOut": null,
              "duration": 0,
              "state": "skipped",
              "speed": null,
              "pass": false,
              "fail": false,
              "pending": false,
              "context": null,
              "code": "cy.synopticRun({\n  language: 'Hebrew',\n  files: ['חוליןDaf2b_1.txt', 'חוליןDaf2b_2.txt', 'englishText.txt']\n});\ncy.enterEmail();\ncy.get('button').contains('חזרה למסך הראשי').click({\n  force: true\n});\ncy.get('.uppy-Dashboard-Item-actionWrapper').children().next().eq(2).click({\n  force: true\n});\ncy.get('.file-upload > .col-sm-3 > .settings > #apply-synopsis').click({\n  force: true\n});\nconst success_message = ['The files were successfully uploaded', 'הקבצים הועלו בהצלחה'];\nconst regex = new RegExp(`${success_message.join('|')}`, 'g');\ncy.get('.env-wrapper > .mt-1', {\n  timeout: 60000\n}).contains(regex, {\n  timeout: 60000\n}).should('exist');\ncy.get('#input-email-upload').type('lomibluth@gmail.com');\ncy.get('#email-form > .btn').click({\n  force: true\n});\ncy.get('.px-5').should('contain', 'קובץ התוצאות של השוואת הגרסאות ישלח לדוא״ל');",
              "err": {},
              "uuid": "4592f95a-40ff-4da8-89b1-f88d33a8e74e",
              "parentUUID": "2e3626f7-501c-47ed-b06a-055e0c5fdbb8",
              "isHook": false,
              "skipped": true
            },
            {
              "title": "Remove file with test different text and retry",
              "fullTitle": "toolTests dev desktop Remove file with test different text and retry",
              "timedOut": null,
              "duration": 0,
              "state": "skipped",
              "speed": null,
              "pass": false,
              "fail": false,
              "pending": false,
              "context": null,
              "code": "cy.synopticRun({\n  language: 'Hebrew',\n  files: ['חוליןDaf2b_1.txt', 'חוליןDaf2b_2.txt', 'חוליןDaf3b_1.txt']\n});\ncy.enterEmail();\ncy.get('.outlier-btns > .mx-2').click({\n  force: true\n});\ncy.get('.px-5').should('contain', 'קובץ התוצאות של השוואת הגרסאות ישלח לדוא״ל');",
              "err": {},
              "uuid": "21918d7d-d350-413e-8380-5d9d432d286f",
              "parentUUID": "2e3626f7-501c-47ed-b06a-055e0c5fdbb8",
              "isHook": false,
              "skipped": true
            },
            {
              "title": "Allow outliers",
              "fullTitle": "toolTests dev desktop Allow outliers",
              "timedOut": null,
              "duration": 0,
              "state": "skipped",
              "speed": null,
              "pass": false,
              "fail": false,
              "pending": false,
              "context": null,
              "code": "cy.synopticRun({\n  language: 'Hebrew',\n  files: ['חוליןDaf2b_1.txt', 'חוליןDaf2b_2.txt', 'חוליןDaf3b_1.txt']\n});\ncy.enterEmail();\ncy.get('.outlier-btns > .btn-primary').click({\n  force: true\n});\ncy.get('.px-5').should('contain', 'קובץ התוצאות של השוואת הגרסאות ישלח לדוא״ל');",
              "err": {},
              "uuid": "4aa66b96-034f-4177-b3da-c22dbccbd7b5",
              "parentUUID": "2e3626f7-501c-47ed-b06a-055e0c5fdbb8",
              "isHook": false,
              "skipped": true
            },
            {
              "title": "All Column in horizontal txt file are correct",
              "fullTitle": "toolTests dev desktop All Column in horizontal txt file are correct",
              "timedOut": null,
              "duration": 0,
              "state": "skipped",
              "speed": null,
              "pass": false,
              "fail": false,
              "pending": false,
              "context": null,
              "code": "cy.readExcelFile(Cypress.env('horiz'))\n// returns an array of lines read from Excel file\n.then(list => {\n  if (urlKey == 'dev') {\n    cy.wrap(list[1].length).should('eq', 239);\n  } else if (urlKey == 'live') {\n    cy.wrap(list[1].length).should('eq', 239);\n  }\n  cy.testHorizontalMatrix(list);\n});",
              "err": {},
              "uuid": "1643fce7-6980-465c-a760-631fb88f8e7a",
              "parentUUID": "2e3626f7-501c-47ed-b06a-055e0c5fdbb8",
              "isHook": false,
              "skipped": true
            },
            {
              "title": "All rows in vertical word file are correct",
              "fullTitle": "toolTests dev desktop All rows in vertical word file are correct",
              "timedOut": null,
              "duration": 0,
              "state": "skipped",
              "speed": null,
              "pass": false,
              "fail": false,
              "pending": false,
              "context": null,
              "code": "cy.readExcelFile(Cypress.env('var'))\n// returns an array of lines read from Excel file\n.then(list => {\n  if (urlKey == 'dev') {\n    cy.wrap(list.length).should('eq', 239);\n  } else if (urlKey == 'live') {\n    cy.wrap(list.length).should('eq', 239);\n  }\n  cy.testVerticalMatrix(list);\n});",
              "err": {},
              "uuid": "ab6bddf6-0087-4b09-858a-f75b4d9f790b",
              "parentUUID": "2e3626f7-501c-47ed-b06a-055e0c5fdbb8",
              "isHook": false,
              "skipped": true
            },
            {
              "title": "run snake",
              "fullTitle": "toolTests dev desktop run snake",
              "timedOut": null,
              "duration": 0,
              "state": "skipped",
              "speed": null,
              "pass": false,
              "fail": false,
              "pending": false,
              "context": null,
              "code": "cy.runSnake({\n  file: '64c7cb70-7ec9-4ac9-ba3a-d784e92db10b-horiz.xlsx',\n  numColumnsPerRow: undefined,\n  blankRows: undefined,\n  includeSynopsisSnakeFile: true,\n  Language: 'Hebrew'\n}).then(() => {\n  cy.getSnakeMatrix().then(matrix => {\n    cy.wrap(matrix).should('not.be.null');\n  });\n});",
              "err": {},
              "uuid": "bf7ba4ea-f32c-490a-95a2-4d8f8b015489",
              "parentUUID": "2e3626f7-501c-47ed-b06a-055e0c5fdbb8",
              "isHook": false,
              "skipped": true
            },
            {
              "title": "1 columns per row test",
              "fullTitle": "toolTests dev desktop 1 columns per row test",
              "timedOut": null,
              "duration": 0,
              "state": "skipped",
              "speed": null,
              "pass": false,
              "fail": false,
              "pending": false,
              "context": null,
              "code": "cy.removeDownloadsFiles();\nlet columnsPerRow = 1;\ncy.runSnake({\n  file: '64c7cb70-7ec9-4ac9-ba3a-d784e92db10b-horiz.xlsx',\n  numColumnsPerRow: undefined,\n  blankRows: undefined,\n  numColumnsPerRow: columnsPerRow,\n  Language: 'Hebrew'\n}).then(() => {\n  cy.getSnakeMatrix().then(matrix => {\n    cy.testNumColumnsPerRow(matrix, columnsPerRow);\n  });\n});",
              "err": {},
              "uuid": "aa4be0d5-40e6-47c2-90d4-85ab7419586d",
              "parentUUID": "2e3626f7-501c-47ed-b06a-055e0c5fdbb8",
              "isHook": false,
              "skipped": true
            },
            {
              "title": "20 columns per row test",
              "fullTitle": "toolTests dev desktop 20 columns per row test",
              "timedOut": null,
              "duration": 0,
              "state": "skipped",
              "speed": null,
              "pass": false,
              "fail": false,
              "pending": false,
              "context": null,
              "code": "let columnsPerRow = 20;\ncy.removeDownloadsFiles();\ncy.runSnake({\n  file: '64c7cb70-7ec9-4ac9-ba3a-d784e92db10b-horiz.xlsx',\n  numColumnsPerRow: undefined,\n  blankRows: undefined,\n  numColumnsPerRow: columnsPerRow,\n  Language: 'Hebrew'\n}).then(() => {\n  cy.getSnakeMatrix().then(matrix => {\n    cy.testNumColumnsPerRow(matrix, columnsPerRow);\n  });\n});",
              "err": {},
              "uuid": "078c49ae-f9b7-4936-8f96-a03d02b38843",
              "parentUUID": "2e3626f7-501c-47ed-b06a-055e0c5fdbb8",
              "isHook": false,
              "skipped": true
            },
            {
              "title": "1 blank rows with Synopsis",
              "fullTitle": "toolTests dev desktop 1 blank rows with Synopsis",
              "timedOut": null,
              "duration": 0,
              "state": "skipped",
              "speed": null,
              "pass": false,
              "fail": false,
              "pending": false,
              "context": null,
              "code": "let blankRows = 1,\n  numOfFiles = 2;\nlet includeSynopsisSnakeFile = true;\ncy.removeDownloadsFiles();\n// cy.removeFixturesXLSXFiles()\ncy.runSnake({\n  file: '64c7cb70-7ec9-4ac9-ba3a-d784e92db10b-horiz.xlsx',\n  numColumnsPerRow: undefined,\n  blankRows: blankRows,\n  includeSynopsisSnakeFile: undefined,\n  Language: 'Hebrew'\n}).then(() => {\n  cy.getSnakeMatrix().then(matrix => {\n    if (urlKey == 'dev') {\n      cy.wrap(matrix.length).should('eq', 95);\n    } else if (urlKey == 'live') {\n      cy.wrap(matrix.length).should('eq', 95);\n    }\n    cy.testBlankRows({\n      matrix: matrix,\n      blankRows: blankRows,\n      numOfFiles: numOfFiles,\n      includeSynopsis: includeSynopsisSnakeFile\n    });\n  });\n});",
              "err": {},
              "uuid": "e55d2ec7-dde8-48aa-982e-da3b3fc2c920",
              "parentUUID": "2e3626f7-501c-47ed-b06a-055e0c5fdbb8",
              "isHook": false,
              "skipped": true
            },
            {
              "title": "5 blank rows with Synopsis",
              "fullTitle": "toolTests dev desktop 5 blank rows with Synopsis",
              "timedOut": null,
              "duration": 0,
              "state": "skipped",
              "speed": null,
              "pass": false,
              "fail": false,
              "pending": false,
              "context": null,
              "code": "let blankRows = 5,\n  numOfFiles = 2;\nlet includeSynopsisSnakeFile = true;\ncy.removeDownloadsFiles();\ncy.runSnake({\n  file: '64c7cb70-7ec9-4ac9-ba3a-d784e92db10b-horiz.xlsx',\n  numColumnsPerRow: undefined,\n  blankRows: blankRows,\n  includeSynopsisSnakeFile: undefined,\n  Language: 'Hebrew'\n}).then(() => {\n  cy.getSnakeMatrix().then(matrix => {\n    if (urlKey == 'dev') {\n      cy.wrap(matrix.length).should('eq', 187);\n    } else if (urlKey == 'live') {\n      cy.wrap(matrix.length).should('eq', 187);\n    }\n    cy.testBlankRows({\n      matrix: matrix,\n      blankRows: blankRows,\n      numOfFiles: numOfFiles,\n      includeSynopsis: includeSynopsisSnakeFile\n    });\n  });\n});",
              "err": {},
              "uuid": "4b43763d-2a8c-4862-bff3-833f5d56450f",
              "parentUUID": "2e3626f7-501c-47ed-b06a-055e0c5fdbb8",
              "isHook": false,
              "skipped": true
            },
            {
              "title": "1 blank rows without Synopsis",
              "fullTitle": "toolTests dev desktop 1 blank rows without Synopsis",
              "timedOut": null,
              "duration": 0,
              "state": "skipped",
              "speed": null,
              "pass": false,
              "fail": false,
              "pending": false,
              "context": null,
              "code": "let blankRows = 1,\n  numOfFiles = 2;\nlet includeSynopsisSnakeFile = false;\ncy.removeDownloadsFiles();\ncy.runSnake({\n  file: '64c7cb70-7ec9-4ac9-ba3a-d784e92db10b-horiz.xlsx',\n  numColumnsPerRow: undefined,\n  blankRows: blankRows,\n  includeSynopsisSnakeFile: includeSynopsisSnakeFile,\n  Language: 'Hebrew'\n}).then(() => {\n  cy.getSnakeMatrix().then(matrix => {\n    if (urlKey == 'dev') {\n      cy.wrap(matrix.length).should('eq', 71);\n    } else if (urlKey == 'live') {\n      cy.wrap(matrix.length).should('eq', 71);\n    }\n    cy.testBlankRows({\n      matrix: matrix,\n      blankRows: blankRows,\n      numOfFiles: numOfFiles,\n      includeSynopsis: includeSynopsisSnakeFile\n    });\n  });\n});",
              "err": {},
              "uuid": "a9575cd2-84c8-41bc-bef5-666dff4332e5",
              "parentUUID": "2e3626f7-501c-47ed-b06a-055e0c5fdbb8",
              "isHook": false,
              "skipped": true
            },
            {
              "title": "5 blank rows without Synopsis",
              "fullTitle": "toolTests dev desktop 5 blank rows without Synopsis",
              "timedOut": null,
              "duration": 0,
              "state": "skipped",
              "speed": null,
              "pass": false,
              "fail": false,
              "pending": false,
              "context": null,
              "code": "let blankRows = 5,\n  numOfFiles = 2;\nlet includeSynopsisSnakeFile = false;\ncy.removeDownloadsFiles();\ncy.runSnake({\n  file: '64c7cb70-7ec9-4ac9-ba3a-d784e92db10b-horiz.xlsx',\n  numColumnsPerRow: undefined,\n  blankRows: blankRows,\n  includeSynopsisSnakeFile: includeSynopsisSnakeFile,\n  Language: 'Hebrew'\n}).then(() => {\n  cy.getSnakeMatrix().then(matrix => {\n    if (urlKey == 'dev') {\n      cy.wrap(matrix.length).should('eq', 163);\n    } else if (urlKey == 'live') {\n      cy.wrap(matrix.length).should('eq', 163);\n    }\n    cy.testBlankRows({\n      matrix: matrix,\n      blankRows: blankRows,\n      numOfFiles: numOfFiles,\n      includeSynopsis: includeSynopsisSnakeFile\n    });\n  });\n});",
              "err": {},
              "uuid": "c2935190-64a7-4340-be4f-f96c52a4fd31",
              "parentUUID": "2e3626f7-501c-47ed-b06a-055e0c5fdbb8",
              "isHook": false,
              "skipped": true
            },
            {
              "title": "Snake has the same data as synoptic",
              "fullTitle": "toolTests dev desktop Snake has the same data as synoptic",
              "timedOut": null,
              "duration": 0,
              "state": "skipped",
              "speed": null,
              "pass": false,
              "fail": false,
              "pending": false,
              "context": null,
              "code": "let fileName;\nlet synopticArr, snakeArr;\ncy.removeDownloadsFiles();\ncy.synopticRun({\n  language: 'Hebrew',\n  files: ['tehilim1mechon-mamre.txt', 'tehilim1chabad.txt']\n});\ncy.enterEmail();\ncy.downloadEmailResultsFile({\n  vertical: 'horiz'\n}).then(() => {\n  cy.fileName().then(name => {\n    fileName = name;\n  });\n}).then(() => {\n  cy.readExcelFile(fileName)\n  // returns an array of lines read from Excel file\n  .then(list => {\n    synopticArr = list;\n  }).then(() => {\n    cy.moveFileDownloadsTofixtures(fileName).then(() => {\n      cy.setLanguageMode({\n        language: 'Hebrew'\n      });\n      cy.runSnake({\n        file: fileName,\n        numColumnsPerRow: undefined,\n        blankRows: undefined,\n        includeSynopsisSnakeFile: true\n      });\n    }).then(() => {\n      cy.getSnakeMatrix().then(matrix => {\n        snakeArr = matrix;\n      });\n    }).then(() => {\n      cy.snakeHasSameData({\n        synopticArr: synopticArr,\n        snakeArr: snakeArr,\n        blankRows: 2,\n        columnsPerRow: 10,\n        numBooks: 2,\n        synopsis: true\n      });\n    });\n  });\n});",
              "err": {},
              "uuid": "b3ab0fa3-fb15-4800-a2df-9b7d4bf6ce4e",
              "parentUUID": "2e3626f7-501c-47ed-b06a-055e0c5fdbb8",
              "isHook": false,
              "skipped": true
            }
          ],
          "suites": [],
          "passes": [],
          "failures": [
            "c1bafaec-33ed-4ac7-9792-057e2beb0c37"
          ],
          "pending": [],
          "skipped": [
            "ad311322-b067-4cb2-b958-a25257e8183d",
            "7082b4ac-9045-4a28-bca1-f0a0163360da",
            "6e1cc081-bbcd-44ad-9930-57c59e00999a",
            "2d19a705-655f-4174-9239-fe7578ad0363",
            "9914ffd5-e3f7-43c5-a9ea-9744fe760d4f",
            "467819ec-2d61-47a5-b994-a7c1861d6ec1",
            "a7a98802-f5a4-40ec-93d8-7cfd953b122b",
            "87e4071b-283b-4c23-8d4b-59fa7d10c130",
            "8c4d86b4-b8fb-4450-928d-3fe9ec0cd5ba",
            "490fb50c-479b-4cd0-9ef5-ee89d8237225",
            "5d6093cb-e946-40e0-82ad-affd60c54d23",
            "90013d6e-aede-4181-8fd0-95a09bb9d258",
            "4592f95a-40ff-4da8-89b1-f88d33a8e74e",
            "21918d7d-d350-413e-8380-5d9d432d286f",
            "4aa66b96-034f-4177-b3da-c22dbccbd7b5",
            "1643fce7-6980-465c-a760-631fb88f8e7a",
            "ab6bddf6-0087-4b09-858a-f75b4d9f790b",
            "bf7ba4ea-f32c-490a-95a2-4d8f8b015489",
            "aa4be0d5-40e6-47c2-90d4-85ab7419586d",
            "078c49ae-f9b7-4936-8f96-a03d02b38843",
            "e55d2ec7-dde8-48aa-982e-da3b3fc2c920",
            "4b43763d-2a8c-4862-bff3-833f5d56450f",
            "a9575cd2-84c8-41bc-bef5-666dff4332e5",
            "c2935190-64a7-4340-be4f-f96c52a4fd31",
            "b3ab0fa3-fb15-4800-a2df-9b7d4bf6ce4e"
          ],
          "duration": 528,
          "root": false,
          "rootEmpty": false,
          "_timeout": 2000
        }
      ],
      "passes": [],
      "failures": [],
      "pending": [],
      "skipped": [],
      "duration": 0,
      "root": true,
      "rootEmpty": true,
      "_timeout": 2000
    }
  ],
  "meta": {
    "mocha": {
      "version": "7.0.1"
    },
    "mochawesome": {
      "options": {
        "quiet": false,
        "reportFilename": "mochawesome",
        "saveHtml": false,
        "saveJson": true,
        "consoleReporter": "spec",
        "useInlineDiffs": false,
        "code": true
      },
      "version": "7.1.3"
    },
    "marge": {
      "options": {
        "id": "default",
        "reportDir": "cypress/results/json",
        "overwrite": false,
        "html": false,
        "json": true
      },
      "version": "6.2.0"
    }
  }
}