{
  "stats": {
    "suites": 1,
    "tests": 4,
    "passes": 4,
    "pending": 0,
    "failures": 0,
    "start": "2024-02-13T13:16:06.029Z",
    "end": "2024-02-13T13:18:32.864Z",
    "duration": 146835,
    "testsRegistered": 4,
    "passPercent": 100,
    "pendingPercent": 0,
    "other": 0,
    "hasOther": false,
    "skipped": 0,
    "hasSkipped": false
  },
  "results": [
    {
      "uuid": "01d1c045-1dec-4ee8-80d7-556a8980525d",
      "title": "",
      "fullFile": "cypress\\e2e\\requestsTests.js",
      "file": "cypress\\e2e\\requestsTests.js",
      "beforeHooks": [],
      "afterHooks": [],
      "tests": [],
      "suites": [
        {
          "uuid": "2ff1ad15-b039-4c1b-8ad7-49b08c8beb0b",
          "title": "requestsTests live desktop",
          "fullFile": "",
          "file": "",
          "beforeHooks": [],
          "afterHooks": [],
          "tests": [
            {
              "title": "Error message for response with status code 500 when uploading files in hebrew mode",
              "fullTitle": "requestsTests live desktop Error message for response with status code 500 when uploading files in hebrew mode",
              "timedOut": null,
              "duration": 11884,
              "state": "passed",
              "speed": "slow",
              "pass": true,
              "fail": false,
              "pending": false,
              "context": "\"videos/requestsTests.js.mp4\"",
              "code": "cy.uploadRequest({\n  language: 'Hebrew',\n  status: 500,\n  message: 'העלאת הקובץ tehilim1mechon-mamre.txt נכשלה '\n});",
              "err": {},
              "uuid": "b9664c73-a06c-40d3-8eec-c55b3227ca7e",
              "parentUUID": "2ff1ad15-b039-4c1b-8ad7-49b08c8beb0b",
              "isHook": false,
              "skipped": false
            },
            {
              "title": "Error message for response with status code 500 when uploading files in english mode",
              "fullTitle": "requestsTests live desktop Error message for response with status code 500 when uploading files in english mode",
              "timedOut": null,
              "duration": 10237,
              "state": "passed",
              "speed": "slow",
              "pass": true,
              "fail": false,
              "pending": false,
              "context": "\"videos/requestsTests.js.mp4\"",
              "code": "cy.uploadRequest({\n  language: 'English',\n  status: 500,\n  message: 'Failed to upload tehilim1mechon-mamre.txt '\n});",
              "err": {},
              "uuid": "af2a0cf9-b988-4b53-a04a-5ed6bc06872f",
              "parentUUID": "2ff1ad15-b039-4c1b-8ad7-49b08c8beb0b",
              "isHook": false,
              "skipped": false
            },
            {
              "title": "Error message for response with sa delay of 15 seconds when uploading files in hebrew mode",
              "fullTitle": "requestsTests live desktop Error message for response with sa delay of 15 seconds when uploading files in hebrew mode",
              "timedOut": null,
              "duration": 60200,
              "state": "passed",
              "speed": "slow",
              "pass": true,
              "fail": false,
              "pending": false,
              "context": "\"videos/requestsTests.js.mp4\"",
              "code": "cy.uploadRequest({\n  language: 'Hebrew',\n  message: 'העלאת הקובץ tehilim1mechon-mamre.txt נכשלה ',\n  delaySeconds: 10\n});",
              "err": {},
              "uuid": "31e3c092-8166-48ea-b502-62bc6795c9e4",
              "parentUUID": "2ff1ad15-b039-4c1b-8ad7-49b08c8beb0b",
              "isHook": false,
              "skipped": false
            },
            {
              "title": "Error message for response with sa delay of 15 seconds when uploading files in english mode",
              "fullTitle": "requestsTests live desktop Error message for response with sa delay of 15 seconds when uploading files in english mode",
              "timedOut": null,
              "duration": 61978,
              "state": "passed",
              "speed": "slow",
              "pass": true,
              "fail": false,
              "pending": false,
              "context": "\"videos/requestsTests.js.mp4\"",
              "code": "cy.uploadRequest({\n  language: 'English',\n  message: 'Failed to upload tehilim1mechon-mamre.txt ',\n  delaySeconds: 10\n});",
              "err": {},
              "uuid": "6a89a570-7daf-43e3-9032-dd9bcea8a03f",
              "parentUUID": "2ff1ad15-b039-4c1b-8ad7-49b08c8beb0b",
              "isHook": false,
              "skipped": false
            }
          ],
          "suites": [],
          "passes": [
            "b9664c73-a06c-40d3-8eec-c55b3227ca7e",
            "af2a0cf9-b988-4b53-a04a-5ed6bc06872f",
            "31e3c092-8166-48ea-b502-62bc6795c9e4",
            "6a89a570-7daf-43e3-9032-dd9bcea8a03f"
          ],
          "failures": [],
          "pending": [],
          "skipped": [],
          "duration": 144299,
          "root": false,
          "rootEmpty": false,
          "_timeout": 2000
        }
      ],
      "passes": [],
      "failures": [],
      "pending": [],
      "skipped": [],
      "duration": 0,
      "root": true,
      "rootEmpty": true,
      "_timeout": 2000
    }
  ],
  "meta": {
    "mocha": {
      "version": "7.0.1"
    },
    "mochawesome": {
      "options": {
        "quiet": false,
        "reportFilename": "mochawesome",
        "saveHtml": false,
        "saveJson": true,
        "consoleReporter": "spec",
        "useInlineDiffs": false,
        "code": true
      },
      "version": "7.1.3"
    },
    "marge": {
      "options": {
        "id": "default",
        "reportDir": "cypress/results/json",
        "overwrite": false,
        "html": false,
        "json": true
      },
      "version": "6.2.0"
    }
  }
}